Build started 2018/1/22 下午 05:55:43.
     1>Project "C:\Users\Dephilia\Documents\iCNC\iCNC_Latest_ver\iCNC\iCNC.vcxproj" on node 2 (build target(s)).
     1>InitializeBuildStatus:
         Creating "Release\iCNC.unsuccessfulbuild" because "AlwaysCreate" was specified.
       GenerateTargetFrameworkMonikerAttribute:
       Skipping target "GenerateTargetFrameworkMonikerAttribute" because all output files are up-to-date with respect to the input files.
       ClCompile:
         c:\Program Files (x86)\Microsoft Visual Studio 10.0\VC\bin\CL.exe /c /AI"C:\Program Files (x86)\Reference Assemblies\Microsoft\Framework\.NETFramework\v4.0" /Zi /clr /nologo /W3 /WX- /O2 /Oy- /D WIN32 /D NDEBUG /D _UNICODE /D UNICODE /EHa /MD /GS /fp:precise /Zc:wchar_t /Zc:forScope /Yc"StdAfx.h" /Fp"Release\iCNC.pch" /Fo"Release\\" /Fd"Release\vc100.pdb" /TP /FU"C:\Program Files (x86)\Reference Assemblies\Microsoft\Framework\.NETFramework\v4.0\System.Core.dll" /FU"C:\Program Files (x86)\Reference Assemblies\Microsoft\Framework\.NETFramework\v4.0\System.Data.dll" /FU"C:\Program Files (x86)\Reference Assemblies\Microsoft\Framework\.NETFramework\v4.0\System.dll" /FU"C:\Program Files (x86)\Reference Assemblies\Microsoft\Framework\.NETFramework\v4.0\System.Drawing.dll" /FU"C:\Program Files (x86)\Reference Assemblies\Microsoft\Framework\.NETFramework\v4.0\System.Windows.Forms.dll" /FU"C:\Program Files (x86)\Reference Assemblies\Microsoft\Framework\.NETFramework\v4.0\System.Xml.dll" /analyze- /errorReport:prompt stdafx.cpp /clr:nostdlib 
         stdafx.cpp
         c:\Program Files (x86)\Microsoft Visual Studio 10.0\VC\bin\CL.exe /c /AI"C:\Program Files (x86)\Reference Assemblies\Microsoft\Framework\.NETFramework\v4.0" /Zi /clr /nologo /W3 /WX- /O2 /Oy- /D WIN32 /D NDEBUG /D _UNICODE /D UNICODE /EHa /MD /GS /fp:precise /Zc:wchar_t /Zc:forScope /Yu"StdAfx.h" /Fp"Release\iCNC.pch" /Fo"Release\\" /Fd"Release\vc100.pdb" /TP /FU"C:\Program Files (x86)\Reference Assemblies\Microsoft\Framework\.NETFramework\v4.0\System.Core.dll" /FU"C:\Program Files (x86)\Reference Assemblies\Microsoft\Framework\.NETFramework\v4.0\System.Data.dll" /FU"C:\Program Files (x86)\Reference Assemblies\Microsoft\Framework\.NETFramework\v4.0\System.dll" /FU"C:\Program Files (x86)\Reference Assemblies\Microsoft\Framework\.NETFramework\v4.0\System.Drawing.dll" /FU"C:\Program Files (x86)\Reference Assemblies\Microsoft\Framework\.NETFramework\v4.0\System.Windows.Forms.dll" /FU"C:\Program Files (x86)\Reference Assemblies\Microsoft\Framework\.NETFramework\v4.0\System.Xml.dll" /analyze- /errorReport:prompt AssemblyInfo.cpp CNC\SRC\CNC.cpp DEC\SRC\dec.cpp DEC\SRC\dec_Function.cpp iCNC.cpp INTP\SRC\circle.cpp INTP\SRC\INTP.cpp INTP\SRC\slope.cpp MMI\SRC\MMI.cpp simulate.cpp SYS\SRC\FIFO.cpp SYS\SRC\SYS.cpp UTIL\SRC\UTIL.cpp /clr:nostdlib 
         AssemblyInfo.cpp
         CNC.cpp
         dec.cpp
         dec_Function.cpp
     1>DEC\SRC\dec_Function.cpp(17): warning C4018: '<' : signed/unsigned mismatch
     1>DEC\SRC\dec_Function.cpp(19): warning C4018: '<' : signed/unsigned mismatch
         iCNC.cpp
     1>c:\users\dephilia\documents\icnc\icnc_latest_ver\icnc\Form1.h(1716): warning C4996: 'localtime': This function or variable may be unsafe. Consider using localtime_s instead. To disable deprecation, use _CRT_SECURE_NO_WARNINGS. See online help for details.
                 c:\Program Files (x86)\Microsoft Visual Studio 10.0\VC\include\time.inl(112) : see declaration of 'localtime'
     1>c:\users\dephilia\documents\icnc\icnc_latest_ver\icnc\Form1.h(1801): warning C4244: 'argument' : conversion from 'double' to 'int', possible loss of data
     1>c:\users\dephilia\documents\icnc\icnc_latest_ver\icnc\Form1.h(1802): warning C4244: 'argument' : conversion from 'double' to 'int', possible loss of data
         circle.cpp
         INTP.cpp
         slope.cpp
         MMI.cpp
         simulate.cpp
         FIFO.cpp
         SYS.cpp
         UTIL.cpp
     1>UTIL\SRC\UTIL.cpp(10): warning C4018: '<' : signed/unsigned mismatch
         Generating Code...
         All outputs are up-to-date.
       CoreResGen:
         No resources are out of date with respect to their source files. Skipping resource generation.
       ResourceCompile:
         c:\Program Files (x86)\Microsoft SDKs\Windows\v7.0A\bin\rc.exe /D _UNICODE /D UNICODE /l"0x0409" /nologo /fo"Release\app.res" app.rc 
       Link:
         c:\Program Files (x86)\Microsoft Visual Studio 10.0\VC\bin\link.exe /ERRORREPORT:PROMPT /OUT:"C:\Users\Dephilia\Documents\iCNC\iCNC_Latest_ver\Release\iCNC.exe" /INCREMENTAL:NO /NOLOGO DRV\LIB\driverCreate_2012.lib DRV\LIB\MEPCIOPCIDrv.lib /ASSEMBLYRESOURCE:Release\iCNC.Form1.resources /ASSEMBLYRESOURCE:Release\iCNC.simulate.resources /MANIFEST /ManifestFile:"Release\iCNC.exe.intermediate.manifest" /MANIFESTUAC:"level='asInvoker' uiAccess='false'" /DEBUG /PDB:"C:\Users\Dephilia\Documents\iCNC\iCNC_Latest_ver\Release\iCNC.pdb" /SUBSYSTEM:WINDOWS /TLBID:1 /ENTRY:"main" /DYNAMICBASE /FIXED:NO /NXCOMPAT /MACHINE:X86 Release\app.res
         Release\AssemblyInfo.obj
         Release\CNC.obj
         Release\dec.obj
         Release\dec_Function.obj
         Release\iCNC.obj
         Release\circle.obj
         Release\INTP.obj
         Release\slope.obj
         Release\MMI.obj
         Release\simulate.obj
         Release\stdafx.obj
         Release\FIFO.obj
         Release\SYS.obj
         Release\UTIL.obj
         "Release\.NETFramework,Version=v4.0.AssemblyAttributes.obj"
         driverCreate_2012.lib(stepMotorDRV.obj) : MSIL .netmodule or module compiled with /GL found; restarting link with /LTCG; add /LTCG to the link command line to improve linker performance
         Generating code
         Finished generating code
     1>driverCreate_2012.lib(stepMotorDRV.obj) : warning LNK4099: PDB 'vc100.pdb' was not found with 'driverCreate_2012.lib(stepMotorDRV.obj)' or at 'C:\Users\Dephilia\Documents\iCNC\iCNC_Latest_ver\Release\vc100.pdb'; linking object as if no debug info
         iCNC.vcxproj -> C:\Users\Dephilia\Documents\iCNC\iCNC_Latest_ver\Release\iCNC.exe
       Manifest:
         c:\Program Files (x86)\Microsoft SDKs\Windows\v7.0A\bin\mt.exe /nologo /verbose /outputresource:"C:\Users\Dephilia\Documents\iCNC\iCNC_Latest_ver\Release\iCNC.exe;#1" /manifest Release\iCNC.exe.intermediate.manifest
       FinalizeBuildStatus:
         Deleting file "Release\iCNC.unsuccessfulbuild".
         Touching "Release\iCNC.lastbuildstate".
     1>Done Building Project "C:\Users\Dephilia\Documents\iCNC\iCNC_Latest_ver\iCNC\iCNC.vcxproj" (build target(s)).

Build succeeded.

Time Elapsed 00:00:06.55
