C:\USERS\DEPHILIA\DESKTOP\ICNC\DEBUG\ICNC.EXE
C:\USERS\DEPHILIA\DESKTOP\ICNC\DEBUG\ICNC.ILK
C:\USERS\DEPHILIA\DESKTOP\ICNC\DEBUG\ICNC.PDB
C:\USERS\DEPHILIA\DESKTOP\ICNC\ICNC\DEBUG\.NETFRAMEWORK,VERSION=V4.0.ASSEMBLYATTRIBUTES.OBJ
C:\USERS\DEPHILIA\DESKTOP\ICNC\ICNC\DEBUG\APP.RES
C:\USERS\DEPHILIA\DESKTOP\ICNC\ICNC\DEBUG\ASSEMBLYINFO.OBJ
C:\Users\Dephilia\Desktop\iCNC\iCNC\Debug\cl.command.1.tlog
C:\Users\Dephilia\Desktop\iCNC\iCNC\Debug\CL.read.1.tlog
C:\Users\Dephilia\Desktop\iCNC\iCNC\Debug\CL.write.1.tlog
C:\USERS\DEPHILIA\DESKTOP\ICNC\ICNC\DEBUG\CNC.OBJ
C:\USERS\DEPHILIA\DESKTOP\ICNC\ICNC\DEBUG\DEC.OBJ
C:\USERS\DEPHILIA\DESKTOP\ICNC\ICNC\DEBUG\DEC_FUNCTION.OBJ
C:\USERS\DEPHILIA\DESKTOP\ICNC\ICNC\DEBUG\FIFO.OBJ
C:\USERS\DEPHILIA\DESKTOP\ICNC\ICNC\DEBUG\ICNC.EXE.INTERMEDIATE.MANIFEST
C:\Users\Dephilia\Desktop\iCNC\iCNC\Debug\iCNC.Form1.resources
C:\USERS\DEPHILIA\DESKTOP\ICNC\ICNC\DEBUG\ICNC.OBJ
C:\USERS\DEPHILIA\DESKTOP\ICNC\ICNC\DEBUG\ICNC.PCH
C:\Users\Dephilia\Desktop\iCNC\iCNC\Debug\iCNC.simulate.resources
C:\Users\Dephilia\Desktop\iCNC\iCNC\Debug\iCNC.vcxproj.GenerateResource.Cache
C:\Users\Dephilia\Desktop\iCNC\iCNC\Debug\iCNC.vcxprojResolveAssemblyReference.cache
C:\Users\Dephilia\Desktop\iCNC\iCNC\Debug\iCNC.write.1.tlog
C:\USERS\DEPHILIA\DESKTOP\ICNC\ICNC\DEBUG\INTP.OBJ
C:\Users\Dephilia\Desktop\iCNC\iCNC\Debug\link.10056.read.1.tlog
C:\Users\Dephilia\Desktop\iCNC\iCNC\Debug\link.10056.write.1.tlog
C:\Users\Dephilia\Desktop\iCNC\iCNC\Debug\link.10056-cvtres.read.1.tlog
C:\Users\Dephilia\Desktop\iCNC\iCNC\Debug\link.10056-cvtres.write.1.tlog
C:\Users\Dephilia\Desktop\iCNC\iCNC\Debug\link.1008.read.1.tlog
C:\Users\Dephilia\Desktop\iCNC\iCNC\Debug\link.1008.write.1.tlog
C:\Users\Dephilia\Desktop\iCNC\iCNC\Debug\link.1008-cvtres.read.1.tlog
C:\Users\Dephilia\Desktop\iCNC\iCNC\Debug\link.1008-cvtres.write.1.tlog
C:\Users\Dephilia\Desktop\iCNC\iCNC\Debug\link.10120.read.1.tlog
C:\Users\Dephilia\Desktop\iCNC\iCNC\Debug\link.10120.write.1.tlog
C:\Users\Dephilia\Desktop\iCNC\iCNC\Debug\link.10120-cvtres.read.1.tlog
C:\Users\Dephilia\Desktop\iCNC\iCNC\Debug\link.10120-cvtres.write.1.tlog
C:\Users\Dephilia\Desktop\iCNC\iCNC\Debug\link.10132.read.1.tlog
C:\Users\Dephilia\Desktop\iCNC\iCNC\Debug\link.10132.write.1.tlog
C:\Users\Dephilia\Desktop\iCNC\iCNC\Debug\link.10132-cvtres.read.1.tlog
C:\Users\Dephilia\Desktop\iCNC\iCNC\Debug\link.10132-cvtres.write.1.tlog
C:\Users\Dephilia\Desktop\iCNC\iCNC\Debug\link.10184.read.1.tlog
C:\Users\Dephilia\Desktop\iCNC\iCNC\Debug\link.10184.write.1.tlog
C:\Users\Dephilia\Desktop\iCNC\iCNC\Debug\link.10184-cvtres.read.1.tlog
C:\Users\Dephilia\Desktop\iCNC\iCNC\Debug\link.10184-cvtres.write.1.tlog
C:\Users\Dephilia\Desktop\iCNC\iCNC\Debug\link.1060.read.1.tlog
C:\Users\Dephilia\Desktop\iCNC\iCNC\Debug\link.1060.write.1.tlog
C:\Users\Dephilia\Desktop\iCNC\iCNC\Debug\link.1060-cvtres.read.1.tlog
C:\Users\Dephilia\Desktop\iCNC\iCNC\Debug\link.1060-cvtres.write.1.tlog
C:\Users\Dephilia\Desktop\iCNC\iCNC\Debug\link.1092.read.1.tlog
C:\Users\Dephilia\Desktop\iCNC\iCNC\Debug\link.1092.write.1.tlog
C:\Users\Dephilia\Desktop\iCNC\iCNC\Debug\link.1092-cvtres.read.1.tlog
C:\Users\Dephilia\Desktop\iCNC\iCNC\Debug\link.1092-cvtres.write.1.tlog
C:\Users\Dephilia\Desktop\iCNC\iCNC\Debug\link.1204.read.1.tlog
C:\Users\Dephilia\Desktop\iCNC\iCNC\Debug\link.1204.write.1.tlog
C:\Users\Dephilia\Desktop\iCNC\iCNC\Debug\link.1204-cvtres.read.1.tlog
C:\Users\Dephilia\Desktop\iCNC\iCNC\Debug\link.1204-cvtres.write.1.tlog
C:\Users\Dephilia\Desktop\iCNC\iCNC\Debug\link.1224.read.1.tlog
C:\Users\Dephilia\Desktop\iCNC\iCNC\Debug\link.1224.write.1.tlog
C:\Users\Dephilia\Desktop\iCNC\iCNC\Debug\link.1224-cvtres.read.1.tlog
C:\Users\Dephilia\Desktop\iCNC\iCNC\Debug\link.1224-cvtres.write.1.tlog
C:\Users\Dephilia\Desktop\iCNC\iCNC\Debug\link.1392.read.1.tlog
C:\Users\Dephilia\Desktop\iCNC\iCNC\Debug\link.1392.write.1.tlog
C:\Users\Dephilia\Desktop\iCNC\iCNC\Debug\link.1392-cvtres.read.1.tlog
C:\Users\Dephilia\Desktop\iCNC\iCNC\Debug\link.1392-cvtres.write.1.tlog
C:\Users\Dephilia\Desktop\iCNC\iCNC\Debug\link.1488.read.1.tlog
C:\Users\Dephilia\Desktop\iCNC\iCNC\Debug\link.1488.write.1.tlog
C:\Users\Dephilia\Desktop\iCNC\iCNC\Debug\link.1488-cvtres.read.1.tlog
C:\Users\Dephilia\Desktop\iCNC\iCNC\Debug\link.1488-cvtres.write.1.tlog
C:\Users\Dephilia\Desktop\iCNC\iCNC\Debug\link.1492.read.1.tlog
C:\Users\Dephilia\Desktop\iCNC\iCNC\Debug\link.1492.write.1.tlog
C:\Users\Dephilia\Desktop\iCNC\iCNC\Debug\link.1492-cvtres.read.1.tlog
C:\Users\Dephilia\Desktop\iCNC\iCNC\Debug\link.1492-cvtres.write.1.tlog
C:\Users\Dephilia\Desktop\iCNC\iCNC\Debug\link.1496.read.1.tlog
C:\Users\Dephilia\Desktop\iCNC\iCNC\Debug\link.1496.write.1.tlog
C:\Users\Dephilia\Desktop\iCNC\iCNC\Debug\link.1496-cvtres.read.1.tlog
C:\Users\Dephilia\Desktop\iCNC\iCNC\Debug\link.1496-cvtres.write.1.tlog
C:\Users\Dephilia\Desktop\iCNC\iCNC\Debug\link.156.read.1.tlog
C:\Users\Dephilia\Desktop\iCNC\iCNC\Debug\link.156.write.1.tlog
C:\Users\Dephilia\Desktop\iCNC\iCNC\Debug\link.156-cvtres.read.1.tlog
C:\Users\Dephilia\Desktop\iCNC\iCNC\Debug\link.156-cvtres.write.1.tlog
C:\Users\Dephilia\Desktop\iCNC\iCNC\Debug\link.1588.read.1.tlog
C:\Users\Dephilia\Desktop\iCNC\iCNC\Debug\link.1588.write.1.tlog
C:\Users\Dephilia\Desktop\iCNC\iCNC\Debug\link.1588-cvtres.read.1.tlog
C:\Users\Dephilia\Desktop\iCNC\iCNC\Debug\link.1588-cvtres.write.1.tlog
C:\Users\Dephilia\Desktop\iCNC\iCNC\Debug\link.1604.read.1.tlog
C:\Users\Dephilia\Desktop\iCNC\iCNC\Debug\link.1604.write.1.tlog
C:\Users\Dephilia\Desktop\iCNC\iCNC\Debug\link.1604-cvtres.read.1.tlog
C:\Users\Dephilia\Desktop\iCNC\iCNC\Debug\link.1604-cvtres.write.1.tlog
C:\Users\Dephilia\Desktop\iCNC\iCNC\Debug\link.1632.read.1.tlog
C:\Users\Dephilia\Desktop\iCNC\iCNC\Debug\link.1632.write.1.tlog
C:\Users\Dephilia\Desktop\iCNC\iCNC\Debug\link.1632-cvtres.read.1.tlog
C:\Users\Dephilia\Desktop\iCNC\iCNC\Debug\link.1632-cvtres.write.1.tlog
C:\Users\Dephilia\Desktop\iCNC\iCNC\Debug\link.176.read.1.tlog
C:\Users\Dephilia\Desktop\iCNC\iCNC\Debug\link.176.write.1.tlog
C:\Users\Dephilia\Desktop\iCNC\iCNC\Debug\link.176-cvtres.read.1.tlog
C:\Users\Dephilia\Desktop\iCNC\iCNC\Debug\link.176-cvtres.write.1.tlog
C:\Users\Dephilia\Desktop\iCNC\iCNC\Debug\link.1796.read.1.tlog
C:\Users\Dephilia\Desktop\iCNC\iCNC\Debug\link.1796.write.1.tlog
C:\Users\Dephilia\Desktop\iCNC\iCNC\Debug\link.1796-cvtres.read.1.tlog
C:\Users\Dephilia\Desktop\iCNC\iCNC\Debug\link.1796-cvtres.write.1.tlog
C:\Users\Dephilia\Desktop\iCNC\iCNC\Debug\link.1812.read.1.tlog
C:\Users\Dephilia\Desktop\iCNC\iCNC\Debug\link.1812.write.1.tlog
C:\Users\Dephilia\Desktop\iCNC\iCNC\Debug\link.1812-cvtres.read.1.tlog
C:\Users\Dephilia\Desktop\iCNC\iCNC\Debug\link.1812-cvtres.write.1.tlog
C:\Users\Dephilia\Desktop\iCNC\iCNC\Debug\link.1828.read.1.tlog
C:\Users\Dephilia\Desktop\iCNC\iCNC\Debug\link.1828.write.1.tlog
C:\Users\Dephilia\Desktop\iCNC\iCNC\Debug\link.1828-cvtres.read.1.tlog
C:\Users\Dephilia\Desktop\iCNC\iCNC\Debug\link.1828-cvtres.write.1.tlog
C:\Users\Dephilia\Desktop\iCNC\iCNC\Debug\link.1900.read.1.tlog
C:\Users\Dephilia\Desktop\iCNC\iCNC\Debug\link.1900.write.1.tlog
C:\Users\Dephilia\Desktop\iCNC\iCNC\Debug\link.1900-cvtres.read.1.tlog
C:\Users\Dephilia\Desktop\iCNC\iCNC\Debug\link.1900-cvtres.write.1.tlog
C:\Users\Dephilia\Desktop\iCNC\iCNC\Debug\link.1916.read.1.tlog
C:\Users\Dephilia\Desktop\iCNC\iCNC\Debug\link.1916.write.1.tlog
C:\Users\Dephilia\Desktop\iCNC\iCNC\Debug\link.1916-cvtres.read.1.tlog
C:\Users\Dephilia\Desktop\iCNC\iCNC\Debug\link.1916-cvtres.write.1.tlog
C:\Users\Dephilia\Desktop\iCNC\iCNC\Debug\link.1932.read.1.tlog
C:\Users\Dephilia\Desktop\iCNC\iCNC\Debug\link.1932.write.1.tlog
C:\Users\Dephilia\Desktop\iCNC\iCNC\Debug\link.1932-cvtres.read.1.tlog
C:\Users\Dephilia\Desktop\iCNC\iCNC\Debug\link.1932-cvtres.write.1.tlog
C:\Users\Dephilia\Desktop\iCNC\iCNC\Debug\link.1972.read.1.tlog
C:\Users\Dephilia\Desktop\iCNC\iCNC\Debug\link.1972.write.1.tlog
C:\Users\Dephilia\Desktop\iCNC\iCNC\Debug\link.1972-cvtres.read.1.tlog
C:\Users\Dephilia\Desktop\iCNC\iCNC\Debug\link.1972-cvtres.write.1.tlog
C:\Users\Dephilia\Desktop\iCNC\iCNC\Debug\link.1980.read.1.tlog
C:\Users\Dephilia\Desktop\iCNC\iCNC\Debug\link.1980.write.1.tlog
C:\Users\Dephilia\Desktop\iCNC\iCNC\Debug\link.1980-cvtres.read.1.tlog
C:\Users\Dephilia\Desktop\iCNC\iCNC\Debug\link.1980-cvtres.write.1.tlog
C:\Users\Dephilia\Desktop\iCNC\iCNC\Debug\link.1988.read.1.tlog
C:\Users\Dephilia\Desktop\iCNC\iCNC\Debug\link.1988.write.1.tlog
C:\Users\Dephilia\Desktop\iCNC\iCNC\Debug\link.1988-cvtres.read.1.tlog
C:\Users\Dephilia\Desktop\iCNC\iCNC\Debug\link.1988-cvtres.write.1.tlog
C:\Users\Dephilia\Desktop\iCNC\iCNC\Debug\link.2000.read.1.tlog
C:\Users\Dephilia\Desktop\iCNC\iCNC\Debug\link.2000.write.1.tlog
C:\Users\Dephilia\Desktop\iCNC\iCNC\Debug\link.2000-cvtres.read.1.tlog
C:\Users\Dephilia\Desktop\iCNC\iCNC\Debug\link.2000-cvtres.write.1.tlog
C:\Users\Dephilia\Desktop\iCNC\iCNC\Debug\link.2112.read.1.tlog
C:\Users\Dephilia\Desktop\iCNC\iCNC\Debug\link.2112.write.1.tlog
C:\Users\Dephilia\Desktop\iCNC\iCNC\Debug\link.2112-cvtres.read.1.tlog
C:\Users\Dephilia\Desktop\iCNC\iCNC\Debug\link.2112-cvtres.write.1.tlog
C:\Users\Dephilia\Desktop\iCNC\iCNC\Debug\link.2156.read.1.tlog
C:\Users\Dephilia\Desktop\iCNC\iCNC\Debug\link.2156.write.1.tlog
C:\Users\Dephilia\Desktop\iCNC\iCNC\Debug\link.2156-cvtres.read.1.tlog
C:\Users\Dephilia\Desktop\iCNC\iCNC\Debug\link.2156-cvtres.write.1.tlog
C:\Users\Dephilia\Desktop\iCNC\iCNC\Debug\link.2188.read.1.tlog
C:\Users\Dephilia\Desktop\iCNC\iCNC\Debug\link.2188.write.1.tlog
C:\Users\Dephilia\Desktop\iCNC\iCNC\Debug\link.2188-cvtres.read.1.tlog
C:\Users\Dephilia\Desktop\iCNC\iCNC\Debug\link.2188-cvtres.write.1.tlog
C:\Users\Dephilia\Desktop\iCNC\iCNC\Debug\link.2192.read.1.tlog
C:\Users\Dephilia\Desktop\iCNC\iCNC\Debug\link.2192.write.1.tlog
C:\Users\Dephilia\Desktop\iCNC\iCNC\Debug\link.2192-cvtres.read.1.tlog
C:\Users\Dephilia\Desktop\iCNC\iCNC\Debug\link.2192-cvtres.write.1.tlog
C:\Users\Dephilia\Desktop\iCNC\iCNC\Debug\link.2308.read.1.tlog
C:\Users\Dephilia\Desktop\iCNC\iCNC\Debug\link.2308.write.1.tlog
C:\Users\Dephilia\Desktop\iCNC\iCNC\Debug\link.2308-cvtres.read.1.tlog
C:\Users\Dephilia\Desktop\iCNC\iCNC\Debug\link.2308-cvtres.write.1.tlog
C:\Users\Dephilia\Desktop\iCNC\iCNC\Debug\link.2412.read.1.tlog
C:\Users\Dephilia\Desktop\iCNC\iCNC\Debug\link.2412.write.1.tlog
C:\Users\Dephilia\Desktop\iCNC\iCNC\Debug\link.2412-cvtres.read.1.tlog
C:\Users\Dephilia\Desktop\iCNC\iCNC\Debug\link.2412-cvtres.write.1.tlog
C:\Users\Dephilia\Desktop\iCNC\iCNC\Debug\link.2420.read.1.tlog
C:\Users\Dephilia\Desktop\iCNC\iCNC\Debug\link.2420.write.1.tlog
C:\Users\Dephilia\Desktop\iCNC\iCNC\Debug\link.2420-cvtres.read.1.tlog
C:\Users\Dephilia\Desktop\iCNC\iCNC\Debug\link.2420-cvtres.write.1.tlog
C:\Users\Dephilia\Desktop\iCNC\iCNC\Debug\link.2424.read.1.tlog
C:\Users\Dephilia\Desktop\iCNC\iCNC\Debug\link.2424.write.1.tlog
C:\Users\Dephilia\Desktop\iCNC\iCNC\Debug\link.2424-cvtres.read.1.tlog
C:\Users\Dephilia\Desktop\iCNC\iCNC\Debug\link.2424-cvtres.write.1.tlog
C:\Users\Dephilia\Desktop\iCNC\iCNC\Debug\link.2476.read.1.tlog
C:\Users\Dephilia\Desktop\iCNC\iCNC\Debug\link.2476.write.1.tlog
C:\Users\Dephilia\Desktop\iCNC\iCNC\Debug\link.2476-cvtres.read.1.tlog
C:\Users\Dephilia\Desktop\iCNC\iCNC\Debug\link.2476-cvtres.write.1.tlog
C:\Users\Dephilia\Desktop\iCNC\iCNC\Debug\link.2488.read.1.tlog
C:\Users\Dephilia\Desktop\iCNC\iCNC\Debug\link.2488.write.1.tlog
C:\Users\Dephilia\Desktop\iCNC\iCNC\Debug\link.2488-cvtres.read.1.tlog
C:\Users\Dephilia\Desktop\iCNC\iCNC\Debug\link.2488-cvtres.write.1.tlog
C:\Users\Dephilia\Desktop\iCNC\iCNC\Debug\link.252.read.1.tlog
C:\Users\Dephilia\Desktop\iCNC\iCNC\Debug\link.252.write.1.tlog
C:\Users\Dephilia\Desktop\iCNC\iCNC\Debug\link.252-cvtres.read.1.tlog
C:\Users\Dephilia\Desktop\iCNC\iCNC\Debug\link.252-cvtres.write.1.tlog
C:\Users\Dephilia\Desktop\iCNC\iCNC\Debug\link.2576.read.1.tlog
C:\Users\Dephilia\Desktop\iCNC\iCNC\Debug\link.2576.write.1.tlog
C:\Users\Dephilia\Desktop\iCNC\iCNC\Debug\link.2576-cvtres.read.1.tlog
C:\Users\Dephilia\Desktop\iCNC\iCNC\Debug\link.2576-cvtres.write.1.tlog
C:\Users\Dephilia\Desktop\iCNC\iCNC\Debug\link.2616.read.1.tlog
C:\Users\Dephilia\Desktop\iCNC\iCNC\Debug\link.2616.write.1.tlog
C:\Users\Dephilia\Desktop\iCNC\iCNC\Debug\link.2616-cvtres.read.1.tlog
C:\Users\Dephilia\Desktop\iCNC\iCNC\Debug\link.2616-cvtres.write.1.tlog
C:\Users\Dephilia\Desktop\iCNC\iCNC\Debug\link.2684.read.1.tlog
C:\Users\Dephilia\Desktop\iCNC\iCNC\Debug\link.2684.write.1.tlog
C:\Users\Dephilia\Desktop\iCNC\iCNC\Debug\link.2684-cvtres.read.1.tlog
C:\Users\Dephilia\Desktop\iCNC\iCNC\Debug\link.2684-cvtres.write.1.tlog
C:\Users\Dephilia\Desktop\iCNC\iCNC\Debug\link.2748.read.1.tlog
C:\Users\Dephilia\Desktop\iCNC\iCNC\Debug\link.2748.write.1.tlog
C:\Users\Dephilia\Desktop\iCNC\iCNC\Debug\link.2748-cvtres.read.1.tlog
C:\Users\Dephilia\Desktop\iCNC\iCNC\Debug\link.2748-cvtres.write.1.tlog
C:\Users\Dephilia\Desktop\iCNC\iCNC\Debug\link.2780.read.1.tlog
C:\Users\Dephilia\Desktop\iCNC\iCNC\Debug\link.2780.write.1.tlog
C:\Users\Dephilia\Desktop\iCNC\iCNC\Debug\link.2780-cvtres.read.1.tlog
C:\Users\Dephilia\Desktop\iCNC\iCNC\Debug\link.2780-cvtres.write.1.tlog
C:\Users\Dephilia\Desktop\iCNC\iCNC\Debug\link.2800.read.1.tlog
C:\Users\Dephilia\Desktop\iCNC\iCNC\Debug\link.2800.write.1.tlog
C:\Users\Dephilia\Desktop\iCNC\iCNC\Debug\link.2800-cvtres.read.1.tlog
C:\Users\Dephilia\Desktop\iCNC\iCNC\Debug\link.2800-cvtres.write.1.tlog
C:\Users\Dephilia\Desktop\iCNC\iCNC\Debug\link.2812.read.1.tlog
C:\Users\Dephilia\Desktop\iCNC\iCNC\Debug\link.2812.write.1.tlog
C:\Users\Dephilia\Desktop\iCNC\iCNC\Debug\link.2812-cvtres.read.1.tlog
C:\Users\Dephilia\Desktop\iCNC\iCNC\Debug\link.2812-cvtres.write.1.tlog
C:\Users\Dephilia\Desktop\iCNC\iCNC\Debug\link.2836.read.1.tlog
C:\Users\Dephilia\Desktop\iCNC\iCNC\Debug\link.2836.write.1.tlog
C:\Users\Dephilia\Desktop\iCNC\iCNC\Debug\link.2836-cvtres.read.1.tlog
C:\Users\Dephilia\Desktop\iCNC\iCNC\Debug\link.2836-cvtres.write.1.tlog
C:\Users\Dephilia\Desktop\iCNC\iCNC\Debug\link.2904.read.1.tlog
C:\Users\Dephilia\Desktop\iCNC\iCNC\Debug\link.2904.write.1.tlog
C:\Users\Dephilia\Desktop\iCNC\iCNC\Debug\link.2904-cvtres.read.1.tlog
C:\Users\Dephilia\Desktop\iCNC\iCNC\Debug\link.2904-cvtres.write.1.tlog
C:\Users\Dephilia\Desktop\iCNC\iCNC\Debug\link.2908.read.1.tlog
C:\Users\Dephilia\Desktop\iCNC\iCNC\Debug\link.2908.write.1.tlog
C:\Users\Dephilia\Desktop\iCNC\iCNC\Debug\link.2908-cvtres.read.1.tlog
C:\Users\Dephilia\Desktop\iCNC\iCNC\Debug\link.2908-cvtres.write.1.tlog
C:\Users\Dephilia\Desktop\iCNC\iCNC\Debug\link.2924.read.1.tlog
C:\Users\Dephilia\Desktop\iCNC\iCNC\Debug\link.2924.write.1.tlog
C:\Users\Dephilia\Desktop\iCNC\iCNC\Debug\link.2924-cvtres.read.1.tlog
C:\Users\Dephilia\Desktop\iCNC\iCNC\Debug\link.2924-cvtres.write.1.tlog
C:\Users\Dephilia\Desktop\iCNC\iCNC\Debug\link.3088.read.1.tlog
C:\Users\Dephilia\Desktop\iCNC\iCNC\Debug\link.3088.write.1.tlog
C:\Users\Dephilia\Desktop\iCNC\iCNC\Debug\link.3088-cvtres.read.1.tlog
C:\Users\Dephilia\Desktop\iCNC\iCNC\Debug\link.3088-cvtres.write.1.tlog
C:\Users\Dephilia\Desktop\iCNC\iCNC\Debug\link.320.read.1.tlog
C:\Users\Dephilia\Desktop\iCNC\iCNC\Debug\link.320.write.1.tlog
C:\Users\Dephilia\Desktop\iCNC\iCNC\Debug\link.320-cvtres.read.1.tlog
C:\Users\Dephilia\Desktop\iCNC\iCNC\Debug\link.320-cvtres.write.1.tlog
C:\Users\Dephilia\Desktop\iCNC\iCNC\Debug\link.3212.read.1.tlog
C:\Users\Dephilia\Desktop\iCNC\iCNC\Debug\link.3212.write.1.tlog
C:\Users\Dephilia\Desktop\iCNC\iCNC\Debug\link.3212-cvtres.read.1.tlog
C:\Users\Dephilia\Desktop\iCNC\iCNC\Debug\link.3212-cvtres.write.1.tlog
C:\Users\Dephilia\Desktop\iCNC\iCNC\Debug\link.3424.read.1.tlog
C:\Users\Dephilia\Desktop\iCNC\iCNC\Debug\link.3424.write.1.tlog
C:\Users\Dephilia\Desktop\iCNC\iCNC\Debug\link.3424-cvtres.read.1.tlog
C:\Users\Dephilia\Desktop\iCNC\iCNC\Debug\link.3424-cvtres.write.1.tlog
C:\Users\Dephilia\Desktop\iCNC\iCNC\Debug\link.3584.read.1.tlog
C:\Users\Dephilia\Desktop\iCNC\iCNC\Debug\link.3584.write.1.tlog
C:\Users\Dephilia\Desktop\iCNC\iCNC\Debug\link.3584-cvtres.read.1.tlog
C:\Users\Dephilia\Desktop\iCNC\iCNC\Debug\link.3584-cvtres.write.1.tlog
C:\Users\Dephilia\Desktop\iCNC\iCNC\Debug\link.364.read.1.tlog
C:\Users\Dephilia\Desktop\iCNC\iCNC\Debug\link.364.write.1.tlog
C:\Users\Dephilia\Desktop\iCNC\iCNC\Debug\link.364-cvtres.read.1.tlog
C:\Users\Dephilia\Desktop\iCNC\iCNC\Debug\link.364-cvtres.write.1.tlog
C:\Users\Dephilia\Desktop\iCNC\iCNC\Debug\link.3696.read.1.tlog
C:\Users\Dephilia\Desktop\iCNC\iCNC\Debug\link.3696.write.1.tlog
C:\Users\Dephilia\Desktop\iCNC\iCNC\Debug\link.3696-cvtres.read.1.tlog
C:\Users\Dephilia\Desktop\iCNC\iCNC\Debug\link.3696-cvtres.write.1.tlog
C:\Users\Dephilia\Desktop\iCNC\iCNC\Debug\link.3732.read.1.tlog
C:\Users\Dephilia\Desktop\iCNC\iCNC\Debug\link.3732.write.1.tlog
C:\Users\Dephilia\Desktop\iCNC\iCNC\Debug\link.3732-cvtres.read.1.tlog
C:\Users\Dephilia\Desktop\iCNC\iCNC\Debug\link.3732-cvtres.write.1.tlog
C:\Users\Dephilia\Desktop\iCNC\iCNC\Debug\link.3852.read.1.tlog
C:\Users\Dephilia\Desktop\iCNC\iCNC\Debug\link.3852.write.1.tlog
C:\Users\Dephilia\Desktop\iCNC\iCNC\Debug\link.3852-cvtres.read.1.tlog
C:\Users\Dephilia\Desktop\iCNC\iCNC\Debug\link.3852-cvtres.write.1.tlog
C:\Users\Dephilia\Desktop\iCNC\iCNC\Debug\link.3904.read.1.tlog
C:\Users\Dephilia\Desktop\iCNC\iCNC\Debug\link.3904.write.1.tlog
C:\Users\Dephilia\Desktop\iCNC\iCNC\Debug\link.3904-cvtres.read.1.tlog
C:\Users\Dephilia\Desktop\iCNC\iCNC\Debug\link.3904-cvtres.write.1.tlog
C:\Users\Dephilia\Desktop\iCNC\iCNC\Debug\link.3940.read.1.tlog
C:\Users\Dephilia\Desktop\iCNC\iCNC\Debug\link.3940.write.1.tlog
C:\Users\Dephilia\Desktop\iCNC\iCNC\Debug\link.3940-cvtres.read.1.tlog
C:\Users\Dephilia\Desktop\iCNC\iCNC\Debug\link.3940-cvtres.write.1.tlog
C:\Users\Dephilia\Desktop\iCNC\iCNC\Debug\link.4008.read.1.tlog
C:\Users\Dephilia\Desktop\iCNC\iCNC\Debug\link.4008.write.1.tlog
C:\Users\Dephilia\Desktop\iCNC\iCNC\Debug\link.4008-cvtres.read.1.tlog
C:\Users\Dephilia\Desktop\iCNC\iCNC\Debug\link.4008-cvtres.write.1.tlog
C:\Users\Dephilia\Desktop\iCNC\iCNC\Debug\link.4104.read.1.tlog
C:\Users\Dephilia\Desktop\iCNC\iCNC\Debug\link.4104.write.1.tlog
C:\Users\Dephilia\Desktop\iCNC\iCNC\Debug\link.4104-cvtres.read.1.tlog
C:\Users\Dephilia\Desktop\iCNC\iCNC\Debug\link.4104-cvtres.write.1.tlog
C:\Users\Dephilia\Desktop\iCNC\iCNC\Debug\link.4204.read.1.tlog
C:\Users\Dephilia\Desktop\iCNC\iCNC\Debug\link.4204.write.1.tlog
C:\Users\Dephilia\Desktop\iCNC\iCNC\Debug\link.4204-cvtres.read.1.tlog
C:\Users\Dephilia\Desktop\iCNC\iCNC\Debug\link.4204-cvtres.write.1.tlog
C:\Users\Dephilia\Desktop\iCNC\iCNC\Debug\link.4220.3920.read.1.tlog
C:\Users\Dephilia\Desktop\iCNC\iCNC\Debug\link.4220.3920.write.1.tlog
C:\Users\Dephilia\Desktop\iCNC\iCNC\Debug\link.4220.3920-cvtres.read.1.tlog
C:\Users\Dephilia\Desktop\iCNC\iCNC\Debug\link.4220.3920-cvtres.write.1.tlog
C:\Users\Dephilia\Desktop\iCNC\iCNC\Debug\link.4220.read.1.tlog
C:\Users\Dephilia\Desktop\iCNC\iCNC\Debug\link.4220.write.1.tlog
C:\Users\Dephilia\Desktop\iCNC\iCNC\Debug\link.4220-cvtres.read.1.tlog
C:\Users\Dephilia\Desktop\iCNC\iCNC\Debug\link.4220-cvtres.write.1.tlog
C:\Users\Dephilia\Desktop\iCNC\iCNC\Debug\link.4240.read.1.tlog
C:\Users\Dephilia\Desktop\iCNC\iCNC\Debug\link.4240.write.1.tlog
C:\Users\Dephilia\Desktop\iCNC\iCNC\Debug\link.4240-cvtres.read.1.tlog
C:\Users\Dephilia\Desktop\iCNC\iCNC\Debug\link.4240-cvtres.write.1.tlog
C:\Users\Dephilia\Desktop\iCNC\iCNC\Debug\link.4248.read.1.tlog
C:\Users\Dephilia\Desktop\iCNC\iCNC\Debug\link.4248.write.1.tlog
C:\Users\Dephilia\Desktop\iCNC\iCNC\Debug\link.4248-cvtres.read.1.tlog
C:\Users\Dephilia\Desktop\iCNC\iCNC\Debug\link.4248-cvtres.write.1.tlog
C:\Users\Dephilia\Desktop\iCNC\iCNC\Debug\link.4324.read.1.tlog
C:\Users\Dephilia\Desktop\iCNC\iCNC\Debug\link.4324.write.1.tlog
C:\Users\Dephilia\Desktop\iCNC\iCNC\Debug\link.4324-cvtres.read.1.tlog
C:\Users\Dephilia\Desktop\iCNC\iCNC\Debug\link.4324-cvtres.write.1.tlog
C:\Users\Dephilia\Desktop\iCNC\iCNC\Debug\link.4332.read.1.tlog
C:\Users\Dephilia\Desktop\iCNC\iCNC\Debug\link.4332.write.1.tlog
C:\Users\Dephilia\Desktop\iCNC\iCNC\Debug\link.4332-cvtres.read.1.tlog
C:\Users\Dephilia\Desktop\iCNC\iCNC\Debug\link.4332-cvtres.write.1.tlog
C:\Users\Dephilia\Desktop\iCNC\iCNC\Debug\link.4344.read.1.tlog
C:\Users\Dephilia\Desktop\iCNC\iCNC\Debug\link.4344.write.1.tlog
C:\Users\Dephilia\Desktop\iCNC\iCNC\Debug\link.4344-cvtres.read.1.tlog
C:\Users\Dephilia\Desktop\iCNC\iCNC\Debug\link.4344-cvtres.write.1.tlog
C:\Users\Dephilia\Desktop\iCNC\iCNC\Debug\link.4352.read.1.tlog
C:\Users\Dephilia\Desktop\iCNC\iCNC\Debug\link.4352.write.1.tlog
C:\Users\Dephilia\Desktop\iCNC\iCNC\Debug\link.4352-cvtres.read.1.tlog
C:\Users\Dephilia\Desktop\iCNC\iCNC\Debug\link.4352-cvtres.write.1.tlog
C:\Users\Dephilia\Desktop\iCNC\iCNC\Debug\link.4376.read.1.tlog
C:\Users\Dephilia\Desktop\iCNC\iCNC\Debug\link.4376.write.1.tlog
C:\Users\Dephilia\Desktop\iCNC\iCNC\Debug\link.4376-cvtres.read.1.tlog
C:\Users\Dephilia\Desktop\iCNC\iCNC\Debug\link.4376-cvtres.write.1.tlog
C:\Users\Dephilia\Desktop\iCNC\iCNC\Debug\link.4384.read.1.tlog
C:\Users\Dephilia\Desktop\iCNC\iCNC\Debug\link.4384.write.1.tlog
C:\Users\Dephilia\Desktop\iCNC\iCNC\Debug\link.4384-cvtres.read.1.tlog
C:\Users\Dephilia\Desktop\iCNC\iCNC\Debug\link.4384-cvtres.write.1.tlog
C:\Users\Dephilia\Desktop\iCNC\iCNC\Debug\link.4420.read.1.tlog
C:\Users\Dephilia\Desktop\iCNC\iCNC\Debug\link.4420.write.1.tlog
C:\Users\Dephilia\Desktop\iCNC\iCNC\Debug\link.4420-cvtres.read.1.tlog
C:\Users\Dephilia\Desktop\iCNC\iCNC\Debug\link.4420-cvtres.write.1.tlog
C:\Users\Dephilia\Desktop\iCNC\iCNC\Debug\link.4428.read.1.tlog
C:\Users\Dephilia\Desktop\iCNC\iCNC\Debug\link.4428.write.1.tlog
C:\Users\Dephilia\Desktop\iCNC\iCNC\Debug\link.4428-cvtres.read.1.tlog
C:\Users\Dephilia\Desktop\iCNC\iCNC\Debug\link.4428-cvtres.write.1.tlog
C:\Users\Dephilia\Desktop\iCNC\iCNC\Debug\link.4488.read.1.tlog
C:\Users\Dephilia\Desktop\iCNC\iCNC\Debug\link.4488.write.1.tlog
C:\Users\Dephilia\Desktop\iCNC\iCNC\Debug\link.4488-cvtres.read.1.tlog
C:\Users\Dephilia\Desktop\iCNC\iCNC\Debug\link.4488-cvtres.write.1.tlog
C:\Users\Dephilia\Desktop\iCNC\iCNC\Debug\link.4504.read.1.tlog
C:\Users\Dephilia\Desktop\iCNC\iCNC\Debug\link.4504.write.1.tlog
C:\Users\Dephilia\Desktop\iCNC\iCNC\Debug\link.4504-cvtres.read.1.tlog
C:\Users\Dephilia\Desktop\iCNC\iCNC\Debug\link.4504-cvtres.write.1.tlog
C:\Users\Dephilia\Desktop\iCNC\iCNC\Debug\link.4552.read.1.tlog
C:\Users\Dephilia\Desktop\iCNC\iCNC\Debug\link.4552.write.1.tlog
C:\Users\Dephilia\Desktop\iCNC\iCNC\Debug\link.4552-cvtres.read.1.tlog
C:\Users\Dephilia\Desktop\iCNC\iCNC\Debug\link.4552-cvtres.write.1.tlog
C:\Users\Dephilia\Desktop\iCNC\iCNC\Debug\link.4596.read.1.tlog
C:\Users\Dephilia\Desktop\iCNC\iCNC\Debug\link.4596.write.1.tlog
C:\Users\Dephilia\Desktop\iCNC\iCNC\Debug\link.4596-cvtres.read.1.tlog
C:\Users\Dephilia\Desktop\iCNC\iCNC\Debug\link.4596-cvtres.write.1.tlog
C:\Users\Dephilia\Desktop\iCNC\iCNC\Debug\link.4684.read.1.tlog
C:\Users\Dephilia\Desktop\iCNC\iCNC\Debug\link.4684.write.1.tlog
C:\Users\Dephilia\Desktop\iCNC\iCNC\Debug\link.4684-cvtres.read.1.tlog
C:\Users\Dephilia\Desktop\iCNC\iCNC\Debug\link.4684-cvtres.write.1.tlog
C:\Users\Dephilia\Desktop\iCNC\iCNC\Debug\link.4764.read.1.tlog
C:\Users\Dephilia\Desktop\iCNC\iCNC\Debug\link.4764.write.1.tlog
C:\Users\Dephilia\Desktop\iCNC\iCNC\Debug\link.4764-cvtres.read.1.tlog
C:\Users\Dephilia\Desktop\iCNC\iCNC\Debug\link.4764-cvtres.write.1.tlog
C:\Users\Dephilia\Desktop\iCNC\iCNC\Debug\link.4768.read.1.tlog
C:\Users\Dephilia\Desktop\iCNC\iCNC\Debug\link.4768.write.1.tlog
C:\Users\Dephilia\Desktop\iCNC\iCNC\Debug\link.4768-cvtres.read.1.tlog
C:\Users\Dephilia\Desktop\iCNC\iCNC\Debug\link.4768-cvtres.write.1.tlog
C:\Users\Dephilia\Desktop\iCNC\iCNC\Debug\link.4808.read.1.tlog
C:\Users\Dephilia\Desktop\iCNC\iCNC\Debug\link.4808.write.1.tlog
C:\Users\Dephilia\Desktop\iCNC\iCNC\Debug\link.4808-cvtres.read.1.tlog
C:\Users\Dephilia\Desktop\iCNC\iCNC\Debug\link.4808-cvtres.write.1.tlog
C:\Users\Dephilia\Desktop\iCNC\iCNC\Debug\link.4856.read.1.tlog
C:\Users\Dephilia\Desktop\iCNC\iCNC\Debug\link.4856.write.1.tlog
C:\Users\Dephilia\Desktop\iCNC\iCNC\Debug\link.4856-cvtres.read.1.tlog
C:\Users\Dephilia\Desktop\iCNC\iCNC\Debug\link.4856-cvtres.write.1.tlog
C:\Users\Dephilia\Desktop\iCNC\iCNC\Debug\link.4868.read.1.tlog
C:\Users\Dephilia\Desktop\iCNC\iCNC\Debug\link.4868.write.1.tlog
C:\Users\Dephilia\Desktop\iCNC\iCNC\Debug\link.4868-cvtres.read.1.tlog
C:\Users\Dephilia\Desktop\iCNC\iCNC\Debug\link.4868-cvtres.write.1.tlog
C:\Users\Dephilia\Desktop\iCNC\iCNC\Debug\link.4976.read.1.tlog
C:\Users\Dephilia\Desktop\iCNC\iCNC\Debug\link.4976.write.1.tlog
C:\Users\Dephilia\Desktop\iCNC\iCNC\Debug\link.4976-cvtres.read.1.tlog
C:\Users\Dephilia\Desktop\iCNC\iCNC\Debug\link.4976-cvtres.write.1.tlog
C:\Users\Dephilia\Desktop\iCNC\iCNC\Debug\link.5036.read.1.tlog
C:\Users\Dephilia\Desktop\iCNC\iCNC\Debug\link.5036.write.1.tlog
C:\Users\Dephilia\Desktop\iCNC\iCNC\Debug\link.5036-cvtres.read.1.tlog
C:\Users\Dephilia\Desktop\iCNC\iCNC\Debug\link.5036-cvtres.write.1.tlog
C:\Users\Dephilia\Desktop\iCNC\iCNC\Debug\link.5108.read.1.tlog
C:\Users\Dephilia\Desktop\iCNC\iCNC\Debug\link.5108.write.1.tlog
C:\Users\Dephilia\Desktop\iCNC\iCNC\Debug\link.5108-cvtres.read.1.tlog
C:\Users\Dephilia\Desktop\iCNC\iCNC\Debug\link.5108-cvtres.write.1.tlog
C:\Users\Dephilia\Desktop\iCNC\iCNC\Debug\link.5132.read.1.tlog
C:\Users\Dephilia\Desktop\iCNC\iCNC\Debug\link.5132.write.1.tlog
C:\Users\Dephilia\Desktop\iCNC\iCNC\Debug\link.5132-cvtres.read.1.tlog
C:\Users\Dephilia\Desktop\iCNC\iCNC\Debug\link.5132-cvtres.write.1.tlog
C:\Users\Dephilia\Desktop\iCNC\iCNC\Debug\link.5144.read.1.tlog
C:\Users\Dephilia\Desktop\iCNC\iCNC\Debug\link.5144.write.1.tlog
C:\Users\Dephilia\Desktop\iCNC\iCNC\Debug\link.5144-cvtres.read.1.tlog
C:\Users\Dephilia\Desktop\iCNC\iCNC\Debug\link.5144-cvtres.write.1.tlog
C:\Users\Dephilia\Desktop\iCNC\iCNC\Debug\link.5168.read.1.tlog
C:\Users\Dephilia\Desktop\iCNC\iCNC\Debug\link.5168.write.1.tlog
C:\Users\Dephilia\Desktop\iCNC\iCNC\Debug\link.5168-cvtres.read.1.tlog
C:\Users\Dephilia\Desktop\iCNC\iCNC\Debug\link.5168-cvtres.write.1.tlog
C:\Users\Dephilia\Desktop\iCNC\iCNC\Debug\link.5172.read.1.tlog
C:\Users\Dephilia\Desktop\iCNC\iCNC\Debug\link.5172.write.1.tlog
C:\Users\Dephilia\Desktop\iCNC\iCNC\Debug\link.5172-cvtres.read.1.tlog
C:\Users\Dephilia\Desktop\iCNC\iCNC\Debug\link.5172-cvtres.write.1.tlog
C:\Users\Dephilia\Desktop\iCNC\iCNC\Debug\link.5200.152.read.1.tlog
C:\Users\Dephilia\Desktop\iCNC\iCNC\Debug\link.5200.152.write.1.tlog
C:\Users\Dephilia\Desktop\iCNC\iCNC\Debug\link.5200.152-cvtres.read.1.tlog
C:\Users\Dephilia\Desktop\iCNC\iCNC\Debug\link.5200.152-cvtres.write.1.tlog
C:\Users\Dephilia\Desktop\iCNC\iCNC\Debug\link.5200.read.1.tlog
C:\Users\Dephilia\Desktop\iCNC\iCNC\Debug\link.5200.write.1.tlog
C:\Users\Dephilia\Desktop\iCNC\iCNC\Debug\link.5228.read.1.tlog
C:\Users\Dephilia\Desktop\iCNC\iCNC\Debug\link.5228.write.1.tlog
C:\Users\Dephilia\Desktop\iCNC\iCNC\Debug\link.5228-cvtres.read.1.tlog
C:\Users\Dephilia\Desktop\iCNC\iCNC\Debug\link.5228-cvtres.write.1.tlog
C:\Users\Dephilia\Desktop\iCNC\iCNC\Debug\link.5232.read.1.tlog
C:\Users\Dephilia\Desktop\iCNC\iCNC\Debug\link.5232.write.1.tlog
C:\Users\Dephilia\Desktop\iCNC\iCNC\Debug\link.5232-cvtres.read.1.tlog
C:\Users\Dephilia\Desktop\iCNC\iCNC\Debug\link.5232-cvtres.write.1.tlog
C:\Users\Dephilia\Desktop\iCNC\iCNC\Debug\link.5252.read.1.tlog
C:\Users\Dephilia\Desktop\iCNC\iCNC\Debug\link.5252.write.1.tlog
C:\Users\Dephilia\Desktop\iCNC\iCNC\Debug\link.5252-cvtres.read.1.tlog
C:\Users\Dephilia\Desktop\iCNC\iCNC\Debug\link.5252-cvtres.write.1.tlog
C:\Users\Dephilia\Desktop\iCNC\iCNC\Debug\link.5304.read.1.tlog
C:\Users\Dephilia\Desktop\iCNC\iCNC\Debug\link.5304.write.1.tlog
C:\Users\Dephilia\Desktop\iCNC\iCNC\Debug\link.5304-cvtres.read.1.tlog
C:\Users\Dephilia\Desktop\iCNC\iCNC\Debug\link.5304-cvtres.write.1.tlog
C:\Users\Dephilia\Desktop\iCNC\iCNC\Debug\link.5308.read.1.tlog
C:\Users\Dephilia\Desktop\iCNC\iCNC\Debug\link.5308.write.1.tlog
C:\Users\Dephilia\Desktop\iCNC\iCNC\Debug\link.5308-cvtres.read.1.tlog
C:\Users\Dephilia\Desktop\iCNC\iCNC\Debug\link.5308-cvtres.write.1.tlog
C:\Users\Dephilia\Desktop\iCNC\iCNC\Debug\link.5316.read.1.tlog
C:\Users\Dephilia\Desktop\iCNC\iCNC\Debug\link.5316.write.1.tlog
C:\Users\Dephilia\Desktop\iCNC\iCNC\Debug\link.5316-cvtres.read.1.tlog
C:\Users\Dephilia\Desktop\iCNC\iCNC\Debug\link.5316-cvtres.write.1.tlog
C:\Users\Dephilia\Desktop\iCNC\iCNC\Debug\link.5492.read.1.tlog
C:\Users\Dephilia\Desktop\iCNC\iCNC\Debug\link.5492.write.1.tlog
C:\Users\Dephilia\Desktop\iCNC\iCNC\Debug\link.5492-cvtres.read.1.tlog
C:\Users\Dephilia\Desktop\iCNC\iCNC\Debug\link.5492-cvtres.write.1.tlog
C:\Users\Dephilia\Desktop\iCNC\iCNC\Debug\link.5556.read.1.tlog
C:\Users\Dephilia\Desktop\iCNC\iCNC\Debug\link.5556.write.1.tlog
C:\Users\Dephilia\Desktop\iCNC\iCNC\Debug\link.5556-cvtres.read.1.tlog
C:\Users\Dephilia\Desktop\iCNC\iCNC\Debug\link.5556-cvtres.write.1.tlog
C:\Users\Dephilia\Desktop\iCNC\iCNC\Debug\link.5568.read.1.tlog
C:\Users\Dephilia\Desktop\iCNC\iCNC\Debug\link.5568.write.1.tlog
C:\Users\Dephilia\Desktop\iCNC\iCNC\Debug\link.5568-cvtres.read.1.tlog
C:\Users\Dephilia\Desktop\iCNC\iCNC\Debug\link.5568-cvtres.write.1.tlog
C:\Users\Dephilia\Desktop\iCNC\iCNC\Debug\link.5592.read.1.tlog
C:\Users\Dephilia\Desktop\iCNC\iCNC\Debug\link.5592.write.1.tlog
C:\Users\Dephilia\Desktop\iCNC\iCNC\Debug\link.5592-cvtres.read.1.tlog
C:\Users\Dephilia\Desktop\iCNC\iCNC\Debug\link.5592-cvtres.write.1.tlog
C:\Users\Dephilia\Desktop\iCNC\iCNC\Debug\link.5616.read.1.tlog
C:\Users\Dephilia\Desktop\iCNC\iCNC\Debug\link.5616.write.1.tlog
C:\Users\Dephilia\Desktop\iCNC\iCNC\Debug\link.5616-cvtres.read.1.tlog
C:\Users\Dephilia\Desktop\iCNC\iCNC\Debug\link.5616-cvtres.write.1.tlog
C:\Users\Dephilia\Desktop\iCNC\iCNC\Debug\link.5640.read.1.tlog
C:\Users\Dephilia\Desktop\iCNC\iCNC\Debug\link.5640.write.1.tlog
C:\Users\Dephilia\Desktop\iCNC\iCNC\Debug\link.5640-cvtres.read.1.tlog
C:\Users\Dephilia\Desktop\iCNC\iCNC\Debug\link.5640-cvtres.write.1.tlog
C:\Users\Dephilia\Desktop\iCNC\iCNC\Debug\link.5692.read.1.tlog
C:\Users\Dephilia\Desktop\iCNC\iCNC\Debug\link.5692.write.1.tlog
C:\Users\Dephilia\Desktop\iCNC\iCNC\Debug\link.5692-cvtres.read.1.tlog
C:\Users\Dephilia\Desktop\iCNC\iCNC\Debug\link.5692-cvtres.write.1.tlog
C:\Users\Dephilia\Desktop\iCNC\iCNC\Debug\link.5736.read.1.tlog
C:\Users\Dephilia\Desktop\iCNC\iCNC\Debug\link.5736.write.1.tlog
C:\Users\Dephilia\Desktop\iCNC\iCNC\Debug\link.5736-cvtres.read.1.tlog
C:\Users\Dephilia\Desktop\iCNC\iCNC\Debug\link.5736-cvtres.write.1.tlog
C:\Users\Dephilia\Desktop\iCNC\iCNC\Debug\link.5760.read.1.tlog
C:\Users\Dephilia\Desktop\iCNC\iCNC\Debug\link.5760.write.1.tlog
C:\Users\Dephilia\Desktop\iCNC\iCNC\Debug\link.5760-cvtres.read.1.tlog
C:\Users\Dephilia\Desktop\iCNC\iCNC\Debug\link.5760-cvtres.write.1.tlog
C:\Users\Dephilia\Desktop\iCNC\iCNC\Debug\link.5860.read.1.tlog
C:\Users\Dephilia\Desktop\iCNC\iCNC\Debug\link.5860.write.1.tlog
C:\Users\Dephilia\Desktop\iCNC\iCNC\Debug\link.5860-cvtres.read.1.tlog
C:\Users\Dephilia\Desktop\iCNC\iCNC\Debug\link.5860-cvtres.write.1.tlog
C:\Users\Dephilia\Desktop\iCNC\iCNC\Debug\link.5864.read.1.tlog
C:\Users\Dephilia\Desktop\iCNC\iCNC\Debug\link.5864.write.1.tlog
C:\Users\Dephilia\Desktop\iCNC\iCNC\Debug\link.5864-cvtres.read.1.tlog
C:\Users\Dephilia\Desktop\iCNC\iCNC\Debug\link.5864-cvtres.write.1.tlog
C:\Users\Dephilia\Desktop\iCNC\iCNC\Debug\link.5876.read.1.tlog
C:\Users\Dephilia\Desktop\iCNC\iCNC\Debug\link.5876.write.1.tlog
C:\Users\Dephilia\Desktop\iCNC\iCNC\Debug\link.5876-cvtres.read.1.tlog
C:\Users\Dephilia\Desktop\iCNC\iCNC\Debug\link.5876-cvtres.write.1.tlog
C:\Users\Dephilia\Desktop\iCNC\iCNC\Debug\link.5928.read.1.tlog
C:\Users\Dephilia\Desktop\iCNC\iCNC\Debug\link.5928.write.1.tlog
C:\Users\Dephilia\Desktop\iCNC\iCNC\Debug\link.5928-cvtres.read.1.tlog
C:\Users\Dephilia\Desktop\iCNC\iCNC\Debug\link.5928-cvtres.write.1.tlog
C:\Users\Dephilia\Desktop\iCNC\iCNC\Debug\link.5952.read.1.tlog
C:\Users\Dephilia\Desktop\iCNC\iCNC\Debug\link.5952.write.1.tlog
C:\Users\Dephilia\Desktop\iCNC\iCNC\Debug\link.5952-cvtres.read.1.tlog
C:\Users\Dephilia\Desktop\iCNC\iCNC\Debug\link.5952-cvtres.write.1.tlog
C:\Users\Dephilia\Desktop\iCNC\iCNC\Debug\link.5956.read.1.tlog
C:\Users\Dephilia\Desktop\iCNC\iCNC\Debug\link.5956.write.1.tlog
C:\Users\Dephilia\Desktop\iCNC\iCNC\Debug\link.5956-cvtres.read.1.tlog
C:\Users\Dephilia\Desktop\iCNC\iCNC\Debug\link.5956-cvtres.write.1.tlog
C:\Users\Dephilia\Desktop\iCNC\iCNC\Debug\link.6112.read.1.tlog
C:\Users\Dephilia\Desktop\iCNC\iCNC\Debug\link.6112.write.1.tlog
C:\Users\Dephilia\Desktop\iCNC\iCNC\Debug\link.6112-cvtres.read.1.tlog
C:\Users\Dephilia\Desktop\iCNC\iCNC\Debug\link.6112-cvtres.write.1.tlog
C:\Users\Dephilia\Desktop\iCNC\iCNC\Debug\link.6160.read.1.tlog
C:\Users\Dephilia\Desktop\iCNC\iCNC\Debug\link.6160.write.1.tlog
C:\Users\Dephilia\Desktop\iCNC\iCNC\Debug\link.6160-cvtres.read.1.tlog
C:\Users\Dephilia\Desktop\iCNC\iCNC\Debug\link.6160-cvtres.write.1.tlog
C:\Users\Dephilia\Desktop\iCNC\iCNC\Debug\link.6208.read.1.tlog
C:\Users\Dephilia\Desktop\iCNC\iCNC\Debug\link.6208.write.1.tlog
C:\Users\Dephilia\Desktop\iCNC\iCNC\Debug\link.6208-cvtres.read.1.tlog
C:\Users\Dephilia\Desktop\iCNC\iCNC\Debug\link.6208-cvtres.write.1.tlog
C:\Users\Dephilia\Desktop\iCNC\iCNC\Debug\link.6376.read.1.tlog
C:\Users\Dephilia\Desktop\iCNC\iCNC\Debug\link.6376.write.1.tlog
C:\Users\Dephilia\Desktop\iCNC\iCNC\Debug\link.6376-cvtres.read.1.tlog
C:\Users\Dephilia\Desktop\iCNC\iCNC\Debug\link.6376-cvtres.write.1.tlog
C:\Users\Dephilia\Desktop\iCNC\iCNC\Debug\link.6488.read.1.tlog
C:\Users\Dephilia\Desktop\iCNC\iCNC\Debug\link.6488.write.1.tlog
C:\Users\Dephilia\Desktop\iCNC\iCNC\Debug\link.6488-cvtres.read.1.tlog
C:\Users\Dephilia\Desktop\iCNC\iCNC\Debug\link.6488-cvtres.write.1.tlog
C:\Users\Dephilia\Desktop\iCNC\iCNC\Debug\link.652.read.1.tlog
C:\Users\Dephilia\Desktop\iCNC\iCNC\Debug\link.652.write.1.tlog
C:\Users\Dephilia\Desktop\iCNC\iCNC\Debug\link.6520.read.1.tlog
C:\Users\Dephilia\Desktop\iCNC\iCNC\Debug\link.6520.write.1.tlog
C:\Users\Dephilia\Desktop\iCNC\iCNC\Debug\link.6520-cvtres.read.1.tlog
C:\Users\Dephilia\Desktop\iCNC\iCNC\Debug\link.6520-cvtres.write.1.tlog
C:\Users\Dephilia\Desktop\iCNC\iCNC\Debug\link.652-cvtres.read.1.tlog
C:\Users\Dephilia\Desktop\iCNC\iCNC\Debug\link.652-cvtres.write.1.tlog
C:\Users\Dephilia\Desktop\iCNC\iCNC\Debug\link.6552.read.1.tlog
C:\Users\Dephilia\Desktop\iCNC\iCNC\Debug\link.6552.write.1.tlog
C:\Users\Dephilia\Desktop\iCNC\iCNC\Debug\link.6552-cvtres.read.1.tlog
C:\Users\Dephilia\Desktop\iCNC\iCNC\Debug\link.6552-cvtres.write.1.tlog
C:\Users\Dephilia\Desktop\iCNC\iCNC\Debug\link.6576.read.1.tlog
C:\Users\Dephilia\Desktop\iCNC\iCNC\Debug\link.6576.write.1.tlog
C:\Users\Dephilia\Desktop\iCNC\iCNC\Debug\link.6576-cvtres.read.1.tlog
C:\Users\Dephilia\Desktop\iCNC\iCNC\Debug\link.6576-cvtres.write.1.tlog
C:\Users\Dephilia\Desktop\iCNC\iCNC\Debug\link.6580.read.1.tlog
C:\Users\Dephilia\Desktop\iCNC\iCNC\Debug\link.6580.write.1.tlog
C:\Users\Dephilia\Desktop\iCNC\iCNC\Debug\link.6580-cvtres.read.1.tlog
C:\Users\Dephilia\Desktop\iCNC\iCNC\Debug\link.6580-cvtres.write.1.tlog
C:\Users\Dephilia\Desktop\iCNC\iCNC\Debug\link.6644.read.1.tlog
C:\Users\Dephilia\Desktop\iCNC\iCNC\Debug\link.6644.write.1.tlog
C:\Users\Dephilia\Desktop\iCNC\iCNC\Debug\link.6644-cvtres.read.1.tlog
C:\Users\Dephilia\Desktop\iCNC\iCNC\Debug\link.6644-cvtres.write.1.tlog
C:\Users\Dephilia\Desktop\iCNC\iCNC\Debug\link.6648.read.1.tlog
C:\Users\Dephilia\Desktop\iCNC\iCNC\Debug\link.6648.write.1.tlog
C:\Users\Dephilia\Desktop\iCNC\iCNC\Debug\link.6648-cvtres.read.1.tlog
C:\Users\Dephilia\Desktop\iCNC\iCNC\Debug\link.6648-cvtres.write.1.tlog
C:\Users\Dephilia\Desktop\iCNC\iCNC\Debug\link.6656.read.1.tlog
C:\Users\Dephilia\Desktop\iCNC\iCNC\Debug\link.6656.write.1.tlog
C:\Users\Dephilia\Desktop\iCNC\iCNC\Debug\link.6656-cvtres.read.1.tlog
C:\Users\Dephilia\Desktop\iCNC\iCNC\Debug\link.6656-cvtres.write.1.tlog
C:\Users\Dephilia\Desktop\iCNC\iCNC\Debug\link.6660.read.1.tlog
C:\Users\Dephilia\Desktop\iCNC\iCNC\Debug\link.6660.write.1.tlog
C:\Users\Dephilia\Desktop\iCNC\iCNC\Debug\link.6660-cvtres.read.1.tlog
C:\Users\Dephilia\Desktop\iCNC\iCNC\Debug\link.6660-cvtres.write.1.tlog
C:\Users\Dephilia\Desktop\iCNC\iCNC\Debug\link.6724.read.1.tlog
C:\Users\Dephilia\Desktop\iCNC\iCNC\Debug\link.6724.write.1.tlog
C:\Users\Dephilia\Desktop\iCNC\iCNC\Debug\link.6724-cvtres.read.1.tlog
C:\Users\Dephilia\Desktop\iCNC\iCNC\Debug\link.6724-cvtres.write.1.tlog
C:\Users\Dephilia\Desktop\iCNC\iCNC\Debug\link.6744.read.1.tlog
C:\Users\Dephilia\Desktop\iCNC\iCNC\Debug\link.6744.write.1.tlog
C:\Users\Dephilia\Desktop\iCNC\iCNC\Debug\link.6744-cvtres.read.1.tlog
C:\Users\Dephilia\Desktop\iCNC\iCNC\Debug\link.6744-cvtres.write.1.tlog
C:\Users\Dephilia\Desktop\iCNC\iCNC\Debug\link.6756.8892.read.1.tlog
C:\Users\Dephilia\Desktop\iCNC\iCNC\Debug\link.6756.8892.write.1.tlog
C:\Users\Dephilia\Desktop\iCNC\iCNC\Debug\link.6756.8892-cvtres.read.1.tlog
C:\Users\Dephilia\Desktop\iCNC\iCNC\Debug\link.6756.8892-cvtres.write.1.tlog
C:\Users\Dephilia\Desktop\iCNC\iCNC\Debug\link.6756.read.1.tlog
C:\Users\Dephilia\Desktop\iCNC\iCNC\Debug\link.6756.write.1.tlog
C:\Users\Dephilia\Desktop\iCNC\iCNC\Debug\link.6828.read.1.tlog
C:\Users\Dephilia\Desktop\iCNC\iCNC\Debug\link.6828.write.1.tlog
C:\Users\Dephilia\Desktop\iCNC\iCNC\Debug\link.6828-cvtres.read.1.tlog
C:\Users\Dephilia\Desktop\iCNC\iCNC\Debug\link.6828-cvtres.write.1.tlog
C:\Users\Dephilia\Desktop\iCNC\iCNC\Debug\link.6832.read.1.tlog
C:\Users\Dephilia\Desktop\iCNC\iCNC\Debug\link.6832.write.1.tlog
C:\Users\Dephilia\Desktop\iCNC\iCNC\Debug\link.6832-cvtres.read.1.tlog
C:\Users\Dephilia\Desktop\iCNC\iCNC\Debug\link.6832-cvtres.write.1.tlog
C:\Users\Dephilia\Desktop\iCNC\iCNC\Debug\link.6872.read.1.tlog
C:\Users\Dephilia\Desktop\iCNC\iCNC\Debug\link.6872.write.1.tlog
C:\Users\Dephilia\Desktop\iCNC\iCNC\Debug\link.6872-cvtres.read.1.tlog
C:\Users\Dephilia\Desktop\iCNC\iCNC\Debug\link.6872-cvtres.write.1.tlog
C:\Users\Dephilia\Desktop\iCNC\iCNC\Debug\link.6900.read.1.tlog
C:\Users\Dephilia\Desktop\iCNC\iCNC\Debug\link.6900.write.1.tlog
C:\Users\Dephilia\Desktop\iCNC\iCNC\Debug\link.6900-cvtres.read.1.tlog
C:\Users\Dephilia\Desktop\iCNC\iCNC\Debug\link.6900-cvtres.write.1.tlog
C:\Users\Dephilia\Desktop\iCNC\iCNC\Debug\link.6904.read.1.tlog
C:\Users\Dephilia\Desktop\iCNC\iCNC\Debug\link.6904.write.1.tlog
C:\Users\Dephilia\Desktop\iCNC\iCNC\Debug\link.6904-cvtres.read.1.tlog
C:\Users\Dephilia\Desktop\iCNC\iCNC\Debug\link.6904-cvtres.write.1.tlog
C:\Users\Dephilia\Desktop\iCNC\iCNC\Debug\link.6936.read.1.tlog
C:\Users\Dephilia\Desktop\iCNC\iCNC\Debug\link.6936.write.1.tlog
C:\Users\Dephilia\Desktop\iCNC\iCNC\Debug\link.6936-cvtres.read.1.tlog
C:\Users\Dephilia\Desktop\iCNC\iCNC\Debug\link.6936-cvtres.write.1.tlog
C:\Users\Dephilia\Desktop\iCNC\iCNC\Debug\link.6980.read.1.tlog
C:\Users\Dephilia\Desktop\iCNC\iCNC\Debug\link.6980.write.1.tlog
C:\Users\Dephilia\Desktop\iCNC\iCNC\Debug\link.6980-cvtres.read.1.tlog
C:\Users\Dephilia\Desktop\iCNC\iCNC\Debug\link.6980-cvtres.write.1.tlog
C:\Users\Dephilia\Desktop\iCNC\iCNC\Debug\link.7008.read.1.tlog
C:\Users\Dephilia\Desktop\iCNC\iCNC\Debug\link.7008.write.1.tlog
C:\Users\Dephilia\Desktop\iCNC\iCNC\Debug\link.7008-cvtres.read.1.tlog
C:\Users\Dephilia\Desktop\iCNC\iCNC\Debug\link.7008-cvtres.write.1.tlog
C:\Users\Dephilia\Desktop\iCNC\iCNC\Debug\link.7020.read.1.tlog
C:\Users\Dephilia\Desktop\iCNC\iCNC\Debug\link.7020.write.1.tlog
C:\Users\Dephilia\Desktop\iCNC\iCNC\Debug\link.7020-cvtres.read.1.tlog
C:\Users\Dephilia\Desktop\iCNC\iCNC\Debug\link.7020-cvtres.write.1.tlog
C:\Users\Dephilia\Desktop\iCNC\iCNC\Debug\link.7044.read.1.tlog
C:\Users\Dephilia\Desktop\iCNC\iCNC\Debug\link.7044.write.1.tlog
C:\Users\Dephilia\Desktop\iCNC\iCNC\Debug\link.7044-cvtres.read.1.tlog
C:\Users\Dephilia\Desktop\iCNC\iCNC\Debug\link.7044-cvtres.write.1.tlog
C:\Users\Dephilia\Desktop\iCNC\iCNC\Debug\link.7072.read.1.tlog
C:\Users\Dephilia\Desktop\iCNC\iCNC\Debug\link.7072.write.1.tlog
C:\Users\Dephilia\Desktop\iCNC\iCNC\Debug\link.7072-cvtres.read.1.tlog
C:\Users\Dephilia\Desktop\iCNC\iCNC\Debug\link.7072-cvtres.write.1.tlog
C:\Users\Dephilia\Desktop\iCNC\iCNC\Debug\link.7092.read.1.tlog
C:\Users\Dephilia\Desktop\iCNC\iCNC\Debug\link.7092.write.1.tlog
C:\Users\Dephilia\Desktop\iCNC\iCNC\Debug\link.7092-cvtres.read.1.tlog
C:\Users\Dephilia\Desktop\iCNC\iCNC\Debug\link.7092-cvtres.write.1.tlog
C:\Users\Dephilia\Desktop\iCNC\iCNC\Debug\link.7096.read.1.tlog
C:\Users\Dephilia\Desktop\iCNC\iCNC\Debug\link.7096.write.1.tlog
C:\Users\Dephilia\Desktop\iCNC\iCNC\Debug\link.7096-cvtres.read.1.tlog
C:\Users\Dephilia\Desktop\iCNC\iCNC\Debug\link.7096-cvtres.write.1.tlog
C:\Users\Dephilia\Desktop\iCNC\iCNC\Debug\link.7152.read.1.tlog
C:\Users\Dephilia\Desktop\iCNC\iCNC\Debug\link.7152.write.1.tlog
C:\Users\Dephilia\Desktop\iCNC\iCNC\Debug\link.7152-cvtres.read.1.tlog
C:\Users\Dephilia\Desktop\iCNC\iCNC\Debug\link.7152-cvtres.write.1.tlog
C:\Users\Dephilia\Desktop\iCNC\iCNC\Debug\link.716.read.1.tlog
C:\Users\Dephilia\Desktop\iCNC\iCNC\Debug\link.716.write.1.tlog
C:\Users\Dephilia\Desktop\iCNC\iCNC\Debug\link.716-cvtres.read.1.tlog
C:\Users\Dephilia\Desktop\iCNC\iCNC\Debug\link.716-cvtres.write.1.tlog
C:\Users\Dephilia\Desktop\iCNC\iCNC\Debug\link.7180.read.1.tlog
C:\Users\Dephilia\Desktop\iCNC\iCNC\Debug\link.7180.write.1.tlog
C:\Users\Dephilia\Desktop\iCNC\iCNC\Debug\link.7180-cvtres.read.1.tlog
C:\Users\Dephilia\Desktop\iCNC\iCNC\Debug\link.7180-cvtres.write.1.tlog
C:\Users\Dephilia\Desktop\iCNC\iCNC\Debug\link.7196.read.1.tlog
C:\Users\Dephilia\Desktop\iCNC\iCNC\Debug\link.7196.write.1.tlog
C:\Users\Dephilia\Desktop\iCNC\iCNC\Debug\link.7196-cvtres.read.1.tlog
C:\Users\Dephilia\Desktop\iCNC\iCNC\Debug\link.7196-cvtres.write.1.tlog
C:\Users\Dephilia\Desktop\iCNC\iCNC\Debug\link.7240.read.1.tlog
C:\Users\Dephilia\Desktop\iCNC\iCNC\Debug\link.7240.write.1.tlog
C:\Users\Dephilia\Desktop\iCNC\iCNC\Debug\link.7240-cvtres.read.1.tlog
C:\Users\Dephilia\Desktop\iCNC\iCNC\Debug\link.7240-cvtres.write.1.tlog
C:\Users\Dephilia\Desktop\iCNC\iCNC\Debug\link.7264.read.1.tlog
C:\Users\Dephilia\Desktop\iCNC\iCNC\Debug\link.7264.write.1.tlog
C:\Users\Dephilia\Desktop\iCNC\iCNC\Debug\link.7264-cvtres.read.1.tlog
C:\Users\Dephilia\Desktop\iCNC\iCNC\Debug\link.7264-cvtres.write.1.tlog
C:\Users\Dephilia\Desktop\iCNC\iCNC\Debug\link.7328.read.1.tlog
C:\Users\Dephilia\Desktop\iCNC\iCNC\Debug\link.7328.write.1.tlog
C:\Users\Dephilia\Desktop\iCNC\iCNC\Debug\link.7328-cvtres.read.1.tlog
C:\Users\Dephilia\Desktop\iCNC\iCNC\Debug\link.7328-cvtres.write.1.tlog
C:\Users\Dephilia\Desktop\iCNC\iCNC\Debug\link.7376.read.1.tlog
C:\Users\Dephilia\Desktop\iCNC\iCNC\Debug\link.7376.write.1.tlog
C:\Users\Dephilia\Desktop\iCNC\iCNC\Debug\link.7376-cvtres.read.1.tlog
C:\Users\Dephilia\Desktop\iCNC\iCNC\Debug\link.7376-cvtres.write.1.tlog
C:\Users\Dephilia\Desktop\iCNC\iCNC\Debug\link.7380.read.1.tlog
C:\Users\Dephilia\Desktop\iCNC\iCNC\Debug\link.7380.write.1.tlog
C:\Users\Dephilia\Desktop\iCNC\iCNC\Debug\link.7380-cvtres.read.1.tlog
C:\Users\Dephilia\Desktop\iCNC\iCNC\Debug\link.7380-cvtres.write.1.tlog
C:\Users\Dephilia\Desktop\iCNC\iCNC\Debug\link.7396.read.1.tlog
C:\Users\Dephilia\Desktop\iCNC\iCNC\Debug\link.7396.write.1.tlog
C:\Users\Dephilia\Desktop\iCNC\iCNC\Debug\link.7396-cvtres.read.1.tlog
C:\Users\Dephilia\Desktop\iCNC\iCNC\Debug\link.7396-cvtres.write.1.tlog
C:\Users\Dephilia\Desktop\iCNC\iCNC\Debug\link.7412.read.1.tlog
C:\Users\Dephilia\Desktop\iCNC\iCNC\Debug\link.7412.write.1.tlog
C:\Users\Dephilia\Desktop\iCNC\iCNC\Debug\link.7412-cvtres.read.1.tlog
C:\Users\Dephilia\Desktop\iCNC\iCNC\Debug\link.7412-cvtres.write.1.tlog
C:\Users\Dephilia\Desktop\iCNC\iCNC\Debug\link.7444.read.1.tlog
C:\Users\Dephilia\Desktop\iCNC\iCNC\Debug\link.7444.write.1.tlog
C:\Users\Dephilia\Desktop\iCNC\iCNC\Debug\link.7444-cvtres.read.1.tlog
C:\Users\Dephilia\Desktop\iCNC\iCNC\Debug\link.7444-cvtres.write.1.tlog
C:\Users\Dephilia\Desktop\iCNC\iCNC\Debug\link.7536.read.1.tlog
C:\Users\Dephilia\Desktop\iCNC\iCNC\Debug\link.7536.write.1.tlog
C:\Users\Dephilia\Desktop\iCNC\iCNC\Debug\link.7536-cvtres.read.1.tlog
C:\Users\Dephilia\Desktop\iCNC\iCNC\Debug\link.7536-cvtres.write.1.tlog
C:\Users\Dephilia\Desktop\iCNC\iCNC\Debug\link.7568.read.1.tlog
C:\Users\Dephilia\Desktop\iCNC\iCNC\Debug\link.7568.write.1.tlog
C:\Users\Dephilia\Desktop\iCNC\iCNC\Debug\link.7568-cvtres.read.1.tlog
C:\Users\Dephilia\Desktop\iCNC\iCNC\Debug\link.7568-cvtres.write.1.tlog
C:\Users\Dephilia\Desktop\iCNC\iCNC\Debug\link.7740.read.1.tlog
C:\Users\Dephilia\Desktop\iCNC\iCNC\Debug\link.7740.write.1.tlog
C:\Users\Dephilia\Desktop\iCNC\iCNC\Debug\link.7740-cvtres.read.1.tlog
C:\Users\Dephilia\Desktop\iCNC\iCNC\Debug\link.7740-cvtres.write.1.tlog
C:\Users\Dephilia\Desktop\iCNC\iCNC\Debug\link.7764.read.1.tlog
C:\Users\Dephilia\Desktop\iCNC\iCNC\Debug\link.7764.write.1.tlog
C:\Users\Dephilia\Desktop\iCNC\iCNC\Debug\link.7764-cvtres.read.1.tlog
C:\Users\Dephilia\Desktop\iCNC\iCNC\Debug\link.7764-cvtres.write.1.tlog
C:\Users\Dephilia\Desktop\iCNC\iCNC\Debug\link.7804.read.1.tlog
C:\Users\Dephilia\Desktop\iCNC\iCNC\Debug\link.7804.write.1.tlog
C:\Users\Dephilia\Desktop\iCNC\iCNC\Debug\link.7804-cvtres.read.1.tlog
C:\Users\Dephilia\Desktop\iCNC\iCNC\Debug\link.7804-cvtres.write.1.tlog
C:\Users\Dephilia\Desktop\iCNC\iCNC\Debug\link.7900.read.1.tlog
C:\Users\Dephilia\Desktop\iCNC\iCNC\Debug\link.7900.write.1.tlog
C:\Users\Dephilia\Desktop\iCNC\iCNC\Debug\link.7900-cvtres.read.1.tlog
C:\Users\Dephilia\Desktop\iCNC\iCNC\Debug\link.7900-cvtres.write.1.tlog
C:\Users\Dephilia\Desktop\iCNC\iCNC\Debug\link.7908.read.1.tlog
C:\Users\Dephilia\Desktop\iCNC\iCNC\Debug\link.7908.write.1.tlog
C:\Users\Dephilia\Desktop\iCNC\iCNC\Debug\link.7908-cvtres.read.1.tlog
C:\Users\Dephilia\Desktop\iCNC\iCNC\Debug\link.7908-cvtres.write.1.tlog
C:\Users\Dephilia\Desktop\iCNC\iCNC\Debug\link.8064.read.1.tlog
C:\Users\Dephilia\Desktop\iCNC\iCNC\Debug\link.8064.write.1.tlog
C:\Users\Dephilia\Desktop\iCNC\iCNC\Debug\link.8064-cvtres.read.1.tlog
C:\Users\Dephilia\Desktop\iCNC\iCNC\Debug\link.8064-cvtres.write.1.tlog
C:\Users\Dephilia\Desktop\iCNC\iCNC\Debug\link.8068.read.1.tlog
C:\Users\Dephilia\Desktop\iCNC\iCNC\Debug\link.8068.write.1.tlog
C:\Users\Dephilia\Desktop\iCNC\iCNC\Debug\link.8068-cvtres.read.1.tlog
C:\Users\Dephilia\Desktop\iCNC\iCNC\Debug\link.8068-cvtres.write.1.tlog
C:\Users\Dephilia\Desktop\iCNC\iCNC\Debug\link.8076.read.1.tlog
C:\Users\Dephilia\Desktop\iCNC\iCNC\Debug\link.8076.write.1.tlog
C:\Users\Dephilia\Desktop\iCNC\iCNC\Debug\link.8076-cvtres.read.1.tlog
C:\Users\Dephilia\Desktop\iCNC\iCNC\Debug\link.8076-cvtres.write.1.tlog
C:\Users\Dephilia\Desktop\iCNC\iCNC\Debug\link.8124.read.1.tlog
C:\Users\Dephilia\Desktop\iCNC\iCNC\Debug\link.8124.write.1.tlog
C:\Users\Dephilia\Desktop\iCNC\iCNC\Debug\link.8124-cvtres.read.1.tlog
C:\Users\Dephilia\Desktop\iCNC\iCNC\Debug\link.8124-cvtres.write.1.tlog
C:\Users\Dephilia\Desktop\iCNC\iCNC\Debug\link.8148.read.1.tlog
C:\Users\Dephilia\Desktop\iCNC\iCNC\Debug\link.8148.write.1.tlog
C:\Users\Dephilia\Desktop\iCNC\iCNC\Debug\link.8148-cvtres.read.1.tlog
C:\Users\Dephilia\Desktop\iCNC\iCNC\Debug\link.8148-cvtres.write.1.tlog
C:\Users\Dephilia\Desktop\iCNC\iCNC\Debug\link.8272.read.1.tlog
C:\Users\Dephilia\Desktop\iCNC\iCNC\Debug\link.8272.write.1.tlog
C:\Users\Dephilia\Desktop\iCNC\iCNC\Debug\link.8272-cvtres.read.1.tlog
C:\Users\Dephilia\Desktop\iCNC\iCNC\Debug\link.8272-cvtres.write.1.tlog
C:\Users\Dephilia\Desktop\iCNC\iCNC\Debug\link.828.read.1.tlog
C:\Users\Dephilia\Desktop\iCNC\iCNC\Debug\link.828.write.1.tlog
C:\Users\Dephilia\Desktop\iCNC\iCNC\Debug\link.828-cvtres.read.1.tlog
C:\Users\Dephilia\Desktop\iCNC\iCNC\Debug\link.828-cvtres.write.1.tlog
C:\Users\Dephilia\Desktop\iCNC\iCNC\Debug\link.8308.read.1.tlog
C:\Users\Dephilia\Desktop\iCNC\iCNC\Debug\link.8308.write.1.tlog
C:\Users\Dephilia\Desktop\iCNC\iCNC\Debug\link.8308-cvtres.read.1.tlog
C:\Users\Dephilia\Desktop\iCNC\iCNC\Debug\link.8308-cvtres.write.1.tlog
C:\Users\Dephilia\Desktop\iCNC\iCNC\Debug\link.8344.read.1.tlog
C:\Users\Dephilia\Desktop\iCNC\iCNC\Debug\link.8344.write.1.tlog
C:\Users\Dephilia\Desktop\iCNC\iCNC\Debug\link.8344-cvtres.read.1.tlog
C:\Users\Dephilia\Desktop\iCNC\iCNC\Debug\link.8344-cvtres.write.1.tlog
C:\Users\Dephilia\Desktop\iCNC\iCNC\Debug\link.8360.read.1.tlog
C:\Users\Dephilia\Desktop\iCNC\iCNC\Debug\link.8360.write.1.tlog
C:\Users\Dephilia\Desktop\iCNC\iCNC\Debug\link.8360-cvtres.read.1.tlog
C:\Users\Dephilia\Desktop\iCNC\iCNC\Debug\link.8360-cvtres.write.1.tlog
C:\Users\Dephilia\Desktop\iCNC\iCNC\Debug\link.8440.read.1.tlog
C:\Users\Dephilia\Desktop\iCNC\iCNC\Debug\link.8440.write.1.tlog
C:\Users\Dephilia\Desktop\iCNC\iCNC\Debug\link.8440-cvtres.read.1.tlog
C:\Users\Dephilia\Desktop\iCNC\iCNC\Debug\link.8440-cvtres.write.1.tlog
C:\Users\Dephilia\Desktop\iCNC\iCNC\Debug\link.8472.read.1.tlog
C:\Users\Dephilia\Desktop\iCNC\iCNC\Debug\link.8472.write.1.tlog
C:\Users\Dephilia\Desktop\iCNC\iCNC\Debug\link.8472-cvtres.read.1.tlog
C:\Users\Dephilia\Desktop\iCNC\iCNC\Debug\link.8472-cvtres.write.1.tlog
C:\Users\Dephilia\Desktop\iCNC\iCNC\Debug\link.8492.read.1.tlog
C:\Users\Dephilia\Desktop\iCNC\iCNC\Debug\link.8492.write.1.tlog
C:\Users\Dephilia\Desktop\iCNC\iCNC\Debug\link.8492-cvtres.read.1.tlog
C:\Users\Dephilia\Desktop\iCNC\iCNC\Debug\link.8492-cvtres.write.1.tlog
C:\Users\Dephilia\Desktop\iCNC\iCNC\Debug\link.8508.read.1.tlog
C:\Users\Dephilia\Desktop\iCNC\iCNC\Debug\link.8508.write.1.tlog
C:\Users\Dephilia\Desktop\iCNC\iCNC\Debug\link.8508-cvtres.read.1.tlog
C:\Users\Dephilia\Desktop\iCNC\iCNC\Debug\link.8508-cvtres.write.1.tlog
C:\Users\Dephilia\Desktop\iCNC\iCNC\Debug\link.8528.read.1.tlog
C:\Users\Dephilia\Desktop\iCNC\iCNC\Debug\link.8528.write.1.tlog
C:\Users\Dephilia\Desktop\iCNC\iCNC\Debug\link.8528-cvtres.read.1.tlog
C:\Users\Dephilia\Desktop\iCNC\iCNC\Debug\link.8528-cvtres.write.1.tlog
C:\Users\Dephilia\Desktop\iCNC\iCNC\Debug\link.8552.read.1.tlog
C:\Users\Dephilia\Desktop\iCNC\iCNC\Debug\link.8552.write.1.tlog
C:\Users\Dephilia\Desktop\iCNC\iCNC\Debug\link.8552-cvtres.read.1.tlog
C:\Users\Dephilia\Desktop\iCNC\iCNC\Debug\link.8552-cvtres.write.1.tlog
C:\Users\Dephilia\Desktop\iCNC\iCNC\Debug\link.8636.read.1.tlog
C:\Users\Dephilia\Desktop\iCNC\iCNC\Debug\link.8636.write.1.tlog
C:\Users\Dephilia\Desktop\iCNC\iCNC\Debug\link.8636-cvtres.read.1.tlog
C:\Users\Dephilia\Desktop\iCNC\iCNC\Debug\link.8636-cvtres.write.1.tlog
C:\Users\Dephilia\Desktop\iCNC\iCNC\Debug\link.8640.read.1.tlog
C:\Users\Dephilia\Desktop\iCNC\iCNC\Debug\link.8640.write.1.tlog
C:\Users\Dephilia\Desktop\iCNC\iCNC\Debug\link.8640-cvtres.read.1.tlog
C:\Users\Dephilia\Desktop\iCNC\iCNC\Debug\link.8640-cvtres.write.1.tlog
C:\Users\Dephilia\Desktop\iCNC\iCNC\Debug\link.8656.read.1.tlog
C:\Users\Dephilia\Desktop\iCNC\iCNC\Debug\link.8656.write.1.tlog
C:\Users\Dephilia\Desktop\iCNC\iCNC\Debug\link.8656-cvtres.read.1.tlog
C:\Users\Dephilia\Desktop\iCNC\iCNC\Debug\link.8656-cvtres.write.1.tlog
C:\Users\Dephilia\Desktop\iCNC\iCNC\Debug\link.8668.read.1.tlog
C:\Users\Dephilia\Desktop\iCNC\iCNC\Debug\link.8668.write.1.tlog
C:\Users\Dephilia\Desktop\iCNC\iCNC\Debug\link.8668-cvtres.read.1.tlog
C:\Users\Dephilia\Desktop\iCNC\iCNC\Debug\link.8668-cvtres.write.1.tlog
C:\Users\Dephilia\Desktop\iCNC\iCNC\Debug\link.8716.read.1.tlog
C:\Users\Dephilia\Desktop\iCNC\iCNC\Debug\link.8716.write.1.tlog
C:\Users\Dephilia\Desktop\iCNC\iCNC\Debug\link.8716-cvtres.read.1.tlog
C:\Users\Dephilia\Desktop\iCNC\iCNC\Debug\link.8716-cvtres.write.1.tlog
C:\Users\Dephilia\Desktop\iCNC\iCNC\Debug\link.8720.read.1.tlog
C:\Users\Dephilia\Desktop\iCNC\iCNC\Debug\link.8720.write.1.tlog
C:\Users\Dephilia\Desktop\iCNC\iCNC\Debug\link.8720-cvtres.read.1.tlog
C:\Users\Dephilia\Desktop\iCNC\iCNC\Debug\link.8720-cvtres.write.1.tlog
C:\Users\Dephilia\Desktop\iCNC\iCNC\Debug\link.8748.read.1.tlog
C:\Users\Dephilia\Desktop\iCNC\iCNC\Debug\link.8748.write.1.tlog
C:\Users\Dephilia\Desktop\iCNC\iCNC\Debug\link.8748-cvtres.read.1.tlog
C:\Users\Dephilia\Desktop\iCNC\iCNC\Debug\link.8748-cvtres.write.1.tlog
C:\Users\Dephilia\Desktop\iCNC\iCNC\Debug\link.8772.read.1.tlog
C:\Users\Dephilia\Desktop\iCNC\iCNC\Debug\link.8772.write.1.tlog
C:\Users\Dephilia\Desktop\iCNC\iCNC\Debug\link.8772-cvtres.read.1.tlog
C:\Users\Dephilia\Desktop\iCNC\iCNC\Debug\link.8772-cvtres.write.1.tlog
C:\Users\Dephilia\Desktop\iCNC\iCNC\Debug\link.8780.read.1.tlog
C:\Users\Dephilia\Desktop\iCNC\iCNC\Debug\link.8780.write.1.tlog
C:\Users\Dephilia\Desktop\iCNC\iCNC\Debug\link.8780-cvtres.read.1.tlog
C:\Users\Dephilia\Desktop\iCNC\iCNC\Debug\link.8780-cvtres.write.1.tlog
C:\Users\Dephilia\Desktop\iCNC\iCNC\Debug\link.8788.read.1.tlog
C:\Users\Dephilia\Desktop\iCNC\iCNC\Debug\link.8788.write.1.tlog
C:\Users\Dephilia\Desktop\iCNC\iCNC\Debug\link.8788-cvtres.read.1.tlog
C:\Users\Dephilia\Desktop\iCNC\iCNC\Debug\link.8788-cvtres.write.1.tlog
C:\Users\Dephilia\Desktop\iCNC\iCNC\Debug\link.8796.read.1.tlog
C:\Users\Dephilia\Desktop\iCNC\iCNC\Debug\link.8796.write.1.tlog
C:\Users\Dephilia\Desktop\iCNC\iCNC\Debug\link.8796-cvtres.read.1.tlog
C:\Users\Dephilia\Desktop\iCNC\iCNC\Debug\link.8796-cvtres.write.1.tlog
C:\Users\Dephilia\Desktop\iCNC\iCNC\Debug\link.8816.read.1.tlog
C:\Users\Dephilia\Desktop\iCNC\iCNC\Debug\link.8816.write.1.tlog
C:\Users\Dephilia\Desktop\iCNC\iCNC\Debug\link.8816-cvtres.read.1.tlog
C:\Users\Dephilia\Desktop\iCNC\iCNC\Debug\link.8816-cvtres.write.1.tlog
C:\Users\Dephilia\Desktop\iCNC\iCNC\Debug\link.8820.read.1.tlog
C:\Users\Dephilia\Desktop\iCNC\iCNC\Debug\link.8820.write.1.tlog
C:\Users\Dephilia\Desktop\iCNC\iCNC\Debug\link.8820-cvtres.read.1.tlog
C:\Users\Dephilia\Desktop\iCNC\iCNC\Debug\link.8820-cvtres.write.1.tlog
C:\Users\Dephilia\Desktop\iCNC\iCNC\Debug\link.884.read.1.tlog
C:\Users\Dephilia\Desktop\iCNC\iCNC\Debug\link.884.write.1.tlog
C:\Users\Dephilia\Desktop\iCNC\iCNC\Debug\link.884-cvtres.read.1.tlog
C:\Users\Dephilia\Desktop\iCNC\iCNC\Debug\link.884-cvtres.write.1.tlog
C:\Users\Dephilia\Desktop\iCNC\iCNC\Debug\link.8956.read.1.tlog
C:\Users\Dephilia\Desktop\iCNC\iCNC\Debug\link.8956.write.1.tlog
C:\Users\Dephilia\Desktop\iCNC\iCNC\Debug\link.8956-cvtres.read.1.tlog
C:\Users\Dephilia\Desktop\iCNC\iCNC\Debug\link.8956-cvtres.write.1.tlog
C:\Users\Dephilia\Desktop\iCNC\iCNC\Debug\link.8988.read.1.tlog
C:\Users\Dephilia\Desktop\iCNC\iCNC\Debug\link.8988.write.1.tlog
C:\Users\Dephilia\Desktop\iCNC\iCNC\Debug\link.8988-cvtres.read.1.tlog
C:\Users\Dephilia\Desktop\iCNC\iCNC\Debug\link.8988-cvtres.write.1.tlog
C:\Users\Dephilia\Desktop\iCNC\iCNC\Debug\link.8996.read.1.tlog
C:\Users\Dephilia\Desktop\iCNC\iCNC\Debug\link.8996.write.1.tlog
C:\Users\Dephilia\Desktop\iCNC\iCNC\Debug\link.8996-cvtres.read.1.tlog
C:\Users\Dephilia\Desktop\iCNC\iCNC\Debug\link.8996-cvtres.write.1.tlog
C:\Users\Dephilia\Desktop\iCNC\iCNC\Debug\link.9032.read.1.tlog
C:\Users\Dephilia\Desktop\iCNC\iCNC\Debug\link.9032.write.1.tlog
C:\Users\Dephilia\Desktop\iCNC\iCNC\Debug\link.9032-cvtres.read.1.tlog
C:\Users\Dephilia\Desktop\iCNC\iCNC\Debug\link.9032-cvtres.write.1.tlog
C:\Users\Dephilia\Desktop\iCNC\iCNC\Debug\link.9120.read.1.tlog
C:\Users\Dephilia\Desktop\iCNC\iCNC\Debug\link.9120.write.1.tlog
C:\Users\Dephilia\Desktop\iCNC\iCNC\Debug\link.9120-cvtres.read.1.tlog
C:\Users\Dephilia\Desktop\iCNC\iCNC\Debug\link.9120-cvtres.write.1.tlog
C:\Users\Dephilia\Desktop\iCNC\iCNC\Debug\link.9144.read.1.tlog
C:\Users\Dephilia\Desktop\iCNC\iCNC\Debug\link.9144.write.1.tlog
C:\Users\Dephilia\Desktop\iCNC\iCNC\Debug\link.9144-cvtres.read.1.tlog
C:\Users\Dephilia\Desktop\iCNC\iCNC\Debug\link.9144-cvtres.write.1.tlog
C:\Users\Dephilia\Desktop\iCNC\iCNC\Debug\link.9240.read.1.tlog
C:\Users\Dephilia\Desktop\iCNC\iCNC\Debug\link.9240.write.1.tlog
C:\Users\Dephilia\Desktop\iCNC\iCNC\Debug\link.9240-cvtres.read.1.tlog
C:\Users\Dephilia\Desktop\iCNC\iCNC\Debug\link.9240-cvtres.write.1.tlog
C:\Users\Dephilia\Desktop\iCNC\iCNC\Debug\link.9304.read.1.tlog
C:\Users\Dephilia\Desktop\iCNC\iCNC\Debug\link.9304.write.1.tlog
C:\Users\Dephilia\Desktop\iCNC\iCNC\Debug\link.9304-cvtres.read.1.tlog
C:\Users\Dephilia\Desktop\iCNC\iCNC\Debug\link.9304-cvtres.write.1.tlog
C:\Users\Dephilia\Desktop\iCNC\iCNC\Debug\link.9312.read.1.tlog
C:\Users\Dephilia\Desktop\iCNC\iCNC\Debug\link.9312.write.1.tlog
C:\Users\Dephilia\Desktop\iCNC\iCNC\Debug\link.9312-cvtres.read.1.tlog
C:\Users\Dephilia\Desktop\iCNC\iCNC\Debug\link.9312-cvtres.write.1.tlog
C:\Users\Dephilia\Desktop\iCNC\iCNC\Debug\link.932.read.1.tlog
C:\Users\Dephilia\Desktop\iCNC\iCNC\Debug\link.932.write.1.tlog
C:\Users\Dephilia\Desktop\iCNC\iCNC\Debug\link.9320.read.1.tlog
C:\Users\Dephilia\Desktop\iCNC\iCNC\Debug\link.9320.write.1.tlog
C:\Users\Dephilia\Desktop\iCNC\iCNC\Debug\link.9320-cvtres.read.1.tlog
C:\Users\Dephilia\Desktop\iCNC\iCNC\Debug\link.9320-cvtres.write.1.tlog
C:\Users\Dephilia\Desktop\iCNC\iCNC\Debug\link.932-cvtres.read.1.tlog
C:\Users\Dephilia\Desktop\iCNC\iCNC\Debug\link.932-cvtres.write.1.tlog
C:\Users\Dephilia\Desktop\iCNC\iCNC\Debug\link.9428.read.1.tlog
C:\Users\Dephilia\Desktop\iCNC\iCNC\Debug\link.9428.write.1.tlog
C:\Users\Dephilia\Desktop\iCNC\iCNC\Debug\link.9428-cvtres.read.1.tlog
C:\Users\Dephilia\Desktop\iCNC\iCNC\Debug\link.9428-cvtres.write.1.tlog
C:\Users\Dephilia\Desktop\iCNC\iCNC\Debug\link.9460.read.1.tlog
C:\Users\Dephilia\Desktop\iCNC\iCNC\Debug\link.9460.write.1.tlog
C:\Users\Dephilia\Desktop\iCNC\iCNC\Debug\link.9460-cvtres.read.1.tlog
C:\Users\Dephilia\Desktop\iCNC\iCNC\Debug\link.9460-cvtres.write.1.tlog
C:\Users\Dephilia\Desktop\iCNC\iCNC\Debug\link.9472.read.1.tlog
C:\Users\Dephilia\Desktop\iCNC\iCNC\Debug\link.9472.write.1.tlog
C:\Users\Dephilia\Desktop\iCNC\iCNC\Debug\link.9472-cvtres.read.1.tlog
C:\Users\Dephilia\Desktop\iCNC\iCNC\Debug\link.9472-cvtres.write.1.tlog
C:\Users\Dephilia\Desktop\iCNC\iCNC\Debug\link.9544.read.1.tlog
C:\Users\Dephilia\Desktop\iCNC\iCNC\Debug\link.9544.write.1.tlog
C:\Users\Dephilia\Desktop\iCNC\iCNC\Debug\link.9544-cvtres.read.1.tlog
C:\Users\Dephilia\Desktop\iCNC\iCNC\Debug\link.9544-cvtres.write.1.tlog
C:\Users\Dephilia\Desktop\iCNC\iCNC\Debug\link.9580.read.1.tlog
C:\Users\Dephilia\Desktop\iCNC\iCNC\Debug\link.9580.write.1.tlog
C:\Users\Dephilia\Desktop\iCNC\iCNC\Debug\link.9580-cvtres.read.1.tlog
C:\Users\Dephilia\Desktop\iCNC\iCNC\Debug\link.9580-cvtres.write.1.tlog
C:\Users\Dephilia\Desktop\iCNC\iCNC\Debug\link.9612.read.1.tlog
C:\Users\Dephilia\Desktop\iCNC\iCNC\Debug\link.9612.write.1.tlog
C:\Users\Dephilia\Desktop\iCNC\iCNC\Debug\link.9612-cvtres.read.1.tlog
C:\Users\Dephilia\Desktop\iCNC\iCNC\Debug\link.9612-cvtres.write.1.tlog
C:\Users\Dephilia\Desktop\iCNC\iCNC\Debug\link.9624.read.1.tlog
C:\Users\Dephilia\Desktop\iCNC\iCNC\Debug\link.9624.write.1.tlog
C:\Users\Dephilia\Desktop\iCNC\iCNC\Debug\link.9624-cvtres.read.1.tlog
C:\Users\Dephilia\Desktop\iCNC\iCNC\Debug\link.9624-cvtres.write.1.tlog
C:\Users\Dephilia\Desktop\iCNC\iCNC\Debug\link.9680.read.1.tlog
C:\Users\Dephilia\Desktop\iCNC\iCNC\Debug\link.9680.write.1.tlog
C:\Users\Dephilia\Desktop\iCNC\iCNC\Debug\link.9680-cvtres.read.1.tlog
C:\Users\Dephilia\Desktop\iCNC\iCNC\Debug\link.9680-cvtres.write.1.tlog
C:\Users\Dephilia\Desktop\iCNC\iCNC\Debug\link.9684.read.1.tlog
C:\Users\Dephilia\Desktop\iCNC\iCNC\Debug\link.9684.write.1.tlog
C:\Users\Dephilia\Desktop\iCNC\iCNC\Debug\link.9684-cvtres.read.1.tlog
C:\Users\Dephilia\Desktop\iCNC\iCNC\Debug\link.9684-cvtres.write.1.tlog
C:\Users\Dephilia\Desktop\iCNC\iCNC\Debug\link.9776.read.1.tlog
C:\Users\Dephilia\Desktop\iCNC\iCNC\Debug\link.9776.write.1.tlog
C:\Users\Dephilia\Desktop\iCNC\iCNC\Debug\link.9776-cvtres.read.1.tlog
C:\Users\Dephilia\Desktop\iCNC\iCNC\Debug\link.9776-cvtres.write.1.tlog
C:\Users\Dephilia\Desktop\iCNC\iCNC\Debug\link.9800.read.1.tlog
C:\Users\Dephilia\Desktop\iCNC\iCNC\Debug\link.9800.write.1.tlog
C:\Users\Dephilia\Desktop\iCNC\iCNC\Debug\link.9800-cvtres.read.1.tlog
C:\Users\Dephilia\Desktop\iCNC\iCNC\Debug\link.9800-cvtres.write.1.tlog
C:\Users\Dephilia\Desktop\iCNC\iCNC\Debug\link.9848.read.1.tlog
C:\Users\Dephilia\Desktop\iCNC\iCNC\Debug\link.9848.write.1.tlog
C:\Users\Dephilia\Desktop\iCNC\iCNC\Debug\link.9848-cvtres.read.1.tlog
C:\Users\Dephilia\Desktop\iCNC\iCNC\Debug\link.9848-cvtres.write.1.tlog
C:\Users\Dephilia\Desktop\iCNC\iCNC\Debug\link.9872.read.1.tlog
C:\Users\Dephilia\Desktop\iCNC\iCNC\Debug\link.9872.write.1.tlog
C:\Users\Dephilia\Desktop\iCNC\iCNC\Debug\link.9872-cvtres.read.1.tlog
C:\Users\Dephilia\Desktop\iCNC\iCNC\Debug\link.9872-cvtres.write.1.tlog
C:\Users\Dephilia\Desktop\iCNC\iCNC\Debug\link.9876.read.1.tlog
C:\Users\Dephilia\Desktop\iCNC\iCNC\Debug\link.9876.write.1.tlog
C:\Users\Dephilia\Desktop\iCNC\iCNC\Debug\link.9876-cvtres.read.1.tlog
C:\Users\Dephilia\Desktop\iCNC\iCNC\Debug\link.9876-cvtres.write.1.tlog
C:\Users\Dephilia\Desktop\iCNC\iCNC\Debug\link.9900.read.1.tlog
C:\Users\Dephilia\Desktop\iCNC\iCNC\Debug\link.9900.write.1.tlog
C:\Users\Dephilia\Desktop\iCNC\iCNC\Debug\link.9900-cvtres.read.1.tlog
C:\Users\Dephilia\Desktop\iCNC\iCNC\Debug\link.9900-cvtres.write.1.tlog
C:\Users\Dephilia\Desktop\iCNC\iCNC\Debug\link.command.1.tlog
C:\Users\Dephilia\Desktop\iCNC\iCNC\Debug\link.read.1.tlog
C:\Users\Dephilia\Desktop\iCNC\iCNC\Debug\link.write.1.tlog
C:\USERS\DEPHILIA\DESKTOP\ICNC\ICNC\DEBUG\MMI.OBJ
C:\Users\Dephilia\Desktop\iCNC\iCNC\Debug\mt.command.1.tlog
C:\Users\Dephilia\Desktop\iCNC\iCNC\Debug\mt.read.1.tlog
C:\Users\Dephilia\Desktop\iCNC\iCNC\Debug\mt.write.1.tlog
C:\Users\Dephilia\Desktop\iCNC\iCNC\Debug\rc.command.1.tlog
C:\Users\Dephilia\Desktop\iCNC\iCNC\Debug\rc.read.1.tlog
C:\Users\Dephilia\Desktop\iCNC\iCNC\Debug\rc.write.1.tlog
C:\USERS\DEPHILIA\DESKTOP\ICNC\ICNC\DEBUG\SIMULATE.OBJ
C:\USERS\DEPHILIA\DESKTOP\ICNC\ICNC\DEBUG\SLOPE.OBJ
C:\USERS\DEPHILIA\DESKTOP\ICNC\ICNC\DEBUG\STDAFX.OBJ
C:\USERS\DEPHILIA\DESKTOP\ICNC\ICNC\DEBUG\SYS.OBJ
C:\USERS\DEPHILIA\DESKTOP\ICNC\ICNC\DEBUG\UTIL.OBJ
C:\USERS\DEPHILIA\DESKTOP\ICNC\ICNC\DEBUG\VC100.PDB
