Build started 2018/1/24 上午 12:16:44.
     1>Project "C:\Users\Dephilia\Documents\iCNC\iCNC_Latest_ver\iCNC\iCNC.vcxproj" on node 2 (build target(s)).
     1>InitializeBuildStatus:
         Creating "Debug\iCNC.unsuccessfulbuild" because "AlwaysCreate" was specified.
       GenerateTargetFrameworkMonikerAttribute:
       Skipping target "GenerateTargetFrameworkMonikerAttribute" because all output files are up-to-date with respect to the input files.
       ClCompile:
         All outputs are up-to-date.
         c:\Program Files (x86)\Microsoft Visual Studio 10.0\VC\bin\CL.exe /c /AI"C:\Program Files (x86)\Reference Assemblies\Microsoft\Framework\.NETFramework\v4.0" /Zi /clr /nologo /W3 /WX- /Od /Oy- /D WIN32 /D _DEBUG /D _UNICODE /D UNICODE /EHa /MDd /GS /fp:precise /Zc:wchar_t /Zc:forScope /Yu"StdAfx.h" /Fp"Debug\iCNC.pch" /Fo"Debug\\" /Fd"Debug\vc100.pdb" /TP /FU"C:\Program Files (x86)\Reference Assemblies\Microsoft\Framework\.NETFramework\v4.0\System.Core.dll" /FU"C:\Program Files (x86)\Reference Assemblies\Microsoft\Framework\.NETFramework\v4.0\System.Data.dll" /FU"C:\Program Files (x86)\Reference Assemblies\Microsoft\Framework\.NETFramework\v4.0\System.dll" /FU"C:\Program Files (x86)\Reference Assemblies\Microsoft\Framework\.NETFramework\v4.0\System.Drawing.dll" /FU"C:\Program Files (x86)\Reference Assemblies\Microsoft\Framework\.NETFramework\v4.0\System.Windows.Forms.dll" /FU"C:\Program Files (x86)\Reference Assemblies\Microsoft\Framework\.NETFramework\v4.0\System.Xml.dll" /analyze- /errorReport:prompt INTP\SRC\INTP.cpp iCNC.cpp /clr:nostdlib 
         INTP.cpp
         iCNC.cpp
     1>c:\users\dephilia\documents\icnc\icnc_latest_ver\icnc\Form1.h(1716): warning C4996: 'localtime': This function or variable may be unsafe. Consider using localtime_s instead. To disable deprecation, use _CRT_SECURE_NO_WARNINGS. See online help for details.
                 c:\Program Files (x86)\Microsoft Visual Studio 10.0\VC\include\time.inl(112) : see declaration of 'localtime'
         Generating Code...
         All outputs are up-to-date.
       CoreResGen:
         No resources are out of date with respect to their source files. Skipping resource generation.
       ResourceCompile:
         All outputs are up-to-date.
       Link:
         c:\Program Files (x86)\Microsoft Visual Studio 10.0\VC\bin\link.exe /ERRORREPORT:PROMPT /OUT:"C:\Users\Dephilia\Documents\iCNC\iCNC_Latest_ver\Debug\iCNC.exe" /INCREMENTAL /NOLOGO DRV\LIB\driverCreate_2012.lib DRV\LIB\MEPCIOPCIDrv.lib /ASSEMBLYRESOURCE:Debug\iCNC.Form1.resources /ASSEMBLYRESOURCE:Debug\iCNC.simulate.resources /MANIFEST /ManifestFile:"Debug\iCNC.exe.intermediate.manifest" /MANIFESTUAC:"level='asInvoker' uiAccess='false'" /DEBUG /PDB:"C:\Users\Dephilia\Documents\iCNC\iCNC_Latest_ver\Debug\iCNC.pdb" /ASSEMBLYDEBUG /SUBSYSTEM:WINDOWS /TLBID:1 /ENTRY:"main" /DYNAMICBASE /FIXED:NO /NXCOMPAT /MACHINE:X86 Debug\app.res
         Debug\AssemblyInfo.obj
         Debug\CNC.obj
         Debug\dec.obj
         Debug\dec_Function.obj
         Debug\iCNC.obj
         Debug\circle.obj
         Debug\INTP.obj
         Debug\slope.obj
         Debug\MMI.obj
         Debug\simulate.obj
         Debug\stdafx.obj
         Debug\FIFO.obj
         Debug\SYS.obj
         Debug\UTIL.obj
         "Debug\.NETFramework,Version=v4.0.AssemblyAttributes.obj"
         iCNC.vcxproj -> C:\Users\Dephilia\Documents\iCNC\iCNC_Latest_ver\Debug\iCNC.exe
       Manifest:
         c:\Program Files (x86)\Microsoft SDKs\Windows\v7.0A\bin\mt.exe /nologo /verbose /outputresource:"C:\Users\Dephilia\Documents\iCNC\iCNC_Latest_ver\Debug\iCNC.exe;#1" /manifest Debug\iCNC.exe.intermediate.manifest
       FinalizeBuildStatus:
         Deleting file "Debug\iCNC.unsuccessfulbuild".
         Touching "Debug\iCNC.lastbuildstate".
     1>Done Building Project "C:\Users\Dephilia\Documents\iCNC\iCNC_Latest_ver\iCNC\iCNC.vcxproj" (build target(s)).

Build succeeded.

Time Elapsed 00:00:04.46
